
   Program  MARK  - Survival Rate Estimation with Capture-Recapture Data
   gfortran(Win64) Vers. 8.1 Mar 2016   25-Mar-2016 13:30:26    Page  001
 - - - - - - - - - - - - - - - - - - - - - - - - - - - - - - - - - - - - - -
 
   This version was compiled by GCC version 5.3.0 using the options 
   -m64 -mtune=generic -march=x86-64 -mthreads -O2 -fimplicit-none -fbounds-check -funroll-loops -ftree-vectorize -fopenmp.
   This problem will use 7 of 8 possible threads.


  INPUT --- proc title ;

     CPU Time in seconds for last procedure was 0.00


  INPUT --- proc chmatrix occasions= 6 groups= 1 etype= Huggins ICMeans 
  INPUT --- NoHist hist= 20 ;

  INPUT ---    time  interval 1 1 1 1 1 ;

  INPUT ---    glabel(1)=Group 1;

      Number of unique encounter histories read was 20.

      Number of individual covariates read was 0.
      Time interval lengths are all equal to 1.

      Data type number is 12
      Data type is Huggins' p and c                                                                                    

     CPU Time in seconds for last procedure was 0.00

  Program  MARK  - Survival Rate Estimation with Capture-Recapture Data
   gfortran(Win64) Vers. 8.1 Mar 2016   25-Mar-2016 13:30:26    Page  002
 - - - - - - - - - - - - - - - - - - - - - - - - - - - - - - - - - - - - - -
 


  INPUT --- proc estimate link=Logit NOLOOP varest=2ndPart    ;


  INPUT --- model={ p(~c + time)c() };

  INPUT ---    group=1 p    rows=1 cols=6 Square ;
  INPUT ---        1 2 3 4 5 6 ;

  INPUT ---    group=1 c    rows=1 cols=5 Square ;
  INPUT ---        7 8 9 10 11 ;

  INPUT ---    design matrix constraints=11 covariates=7;
  INPUT ---        1 0 0 0 0 0 0;
  INPUT ---        1 0 1 0 0 0 0;
  INPUT ---        1 0 0 1 0 0 0;
  INPUT ---        1 0 0 0 1 0 0;
  INPUT ---        1 0 0 0 0 1 0;
  INPUT ---        1 0 0 0 0 0 1;
  INPUT ---        1 1 1 0 0 0 0;
  INPUT ---        1 1 0 1 0 0 0;
  INPUT ---        1 1 0 0 1 0 0;
  INPUT ---        1 1 0 0 0 1 0;
  INPUT ---        1 1 0 0 0 0 1;

  INPUT ---    blabel(1)=p:(Intercept);

  INPUT ---    blabel(2)=p:c;

  INPUT ---    blabel(3)=p:time2;

  INPUT ---    blabel(4)=p:time3;

  INPUT ---    blabel(5)=p:time4;

  INPUT ---    blabel(6)=p:time5;

  INPUT ---    blabel(7)=p:time6;

  INPUT ---    rlabel(1)=p g1 t1;

  INPUT ---    rlabel(2)=p g1 t2;

  INPUT ---    rlabel(3)=p g1 t3;


  Program  MARK  - Survival Rate Estimation with Capture-Recapture Data
   gfortran(Win64) Vers. 8.1 Mar 2016   25-Mar-2016 13:30:26    Page  003
 - - - - - - - - - - - - - - - - - - - - - - - - - - - - - - - - - - - - - -
 
  INPUT ---    rlabel(4)=p g1 t4;

  INPUT ---    rlabel(5)=p g1 t5;

  INPUT ---    rlabel(6)=p g1 t6;

  INPUT ---    rlabel(7)=c g1 t2;

  INPUT ---    rlabel(8)=c g1 t3;

  INPUT ---    rlabel(9)=c g1 t4;

  INPUT ---    rlabel(10)=c g1 t5;

  INPUT ---    rlabel(11)=c g1 t6;

 Link Function Used is LOGIT        

 Variance Estimation Procedure Used is 2ndPart 

 M(t+1):
      39


 -2logL(saturated) = 7.3113508     
 Effective Sample Size = 234

 Number of function evaluations was 17 for 7 parameters.
 Time for numerical optimization was 0.01 seconds.
 -2logL { p(~c + time)c() } = 304.68309     
 Penalty { p(~c + time)c() } = -0.0000000    
 Gradient { p(~c + time)c() }:
  0.9658068E-05 0.5896103E-05  0.000000     0.5360301E-05  0.000000    
   0.000000     0.3245848E-05
 S Vector { p(~c + time)c() }:
   71.65129      10.92326      10.88647      10.46209      10.11503    
   1.870135     0.2304764    
 Time to compute number of parameters was 0.01 seconds.
   Threshold =  0.1600000E-06     Condition index =  0.3216640E-02     New Threshold =  0.6097832    
 New Guessimate of Estimated Parameters { p(~c + time)c() } = 1          
 Conditioned S Vector { p(~c + time)c() }:
   1.000000     0.1524503     0.1519369     0.1460140     0.1411702    
  0.2610050E-01 0.3216640E-02
 Number of Estimated Parameters { p(~c + time)c() } = 7          
 DEVIANCE { p(~c + time)c() } = 297.37173                     
 DEVIANCE Degrees of Freedom { p(~c + time)c() } = 13            
 c-hat { p(~c + time)c() } = 22.874749                     
 AIC { p(~c + time)c() } = 318.68309                  
 AICc { p(~c + time)c() } = 319.17866                    
 BIC { p(~c + time)c() } = 342.87033                    
 Pearson Chisquare { p(~c + time)c() } = 140.30696                  
 Possible Encounter Histories { p(~c + time)c() } = 63             
 Pearson Chisquare df { p(~c + time)c() } = 55        
 Pearson chat { p(~c + time)c() } = 2.5510357                  
 Sum(Observed/Expected) { p(~c + time)c() } = 68.898219                  
 Fletcher chat { p(~c + time)c() } = 2.3326474                  


                     LOGIT Link Function Parameters of { p(~c + time)c() }
                                                              95% Confidence Interval
 Parameter                    Beta         Standard Error      Lower           Upper
 -------------------------  --------------  --------------  --------------  --------------
    1:p:(Intercept)         -1.3542356      0.6859296       -2.6986576      -0.0098136    

  Program  MARK  - Survival Rate Estimation with Capture-Recapture Data
   gfortran(Win64) Vers. 8.1 Mar 2016   25-Mar-2016 13:30:26    Page  004
 - - - - - - - - - - - - - - - - - - - - - - - - - - - - - - - - - - - - - -
 
    2:p:c                   1.8922537       1.2895532       -0.6352707      4.4197781     
    3:p:time2               0.3294487       0.5562158       -0.7607342      1.4196316     
    4:p:time3               0.0604520       0.7233228       -1.3572607      1.4781646     
    5:p:time4               0.0198235       0.8531449       -1.6523405      1.6919875     
    6:p:time5               -0.3147106      0.8859602       -2.0511927      1.4217715     
    7:p:time6               -0.7512658      0.8868861       -2.4895626      0.9870310     


                     Real Function Parameters of { p(~c + time)c() }
                                                               95% Confidence Interval
  Parameter                  Estimate       Standard Error      Lower           Upper
 --------------------------  --------------  --------------  --------------  --------------
     1:p g1 t1               0.2051788       0.1118617       0.0630526       0.4975466                           
     2:p g1 t2               0.2640960       0.1864791       0.0518864       0.7017914                           
     3:p g1 t3               0.2152131       0.2003540       0.0261135       0.7371627                           
     4:p g1 t4               0.2084305       0.2212130       0.0186633       0.7847447                           
     5:p g1 t5               0.1585647       0.1834294       0.0125728       0.7360766                           
     6:p g1 t6               0.1085633       0.1327039       0.0082185       0.6415526                           
     7:c g1 t2               0.7042183       0.1088590       0.4608633       0.8689608                           
     8:c g1 t3               0.6453062       0.0843017       0.4691832       0.7892422                           
     9:c g1 t4               0.6359530       0.0754858       0.4797076       0.7679724                           
    10:c g1 t5               0.5555960       0.0784797       0.4013903       0.6997884                           
    11:c g1 t6               0.4468892       0.0782926       0.3027859       0.6005054                           


                     Estimates of Derived Parameters
               Population Estimates of { p(~c + time)c() }
                                                95% Confidence Interval
     Group     N-hat        Standard Error      Lower           Upper
 ---------  --------------  --------------  --------------  --------------
       1    53.611770       25.429049       40.445078       186.74557     

     CPU Time in seconds for last procedure was 0.02

  Program  MARK  - Survival Rate Estimation with Capture-Recapture Data
   gfortran(Win64) Vers. 8.1 Mar 2016   25-Mar-2016 13:30:26    Page  005
 - - - - - - - - - - - - - - - - - - - - - - - - - - - - - - - - - - - - - -
 


  INPUT --- proc stop;

     CPU Time in minutes for this job was 0.00

     Time Start = 13:30:26.009   Time End = 13:30:26.040

     Wall Clock Time in minutes for this job was 0.00


          E X E C U T I O N   S U C C E S S F U L 
