
   Program  MARK  - Survival Rate Estimation with Capture-Recapture Data
   gfortran(Win64) Vers. 8.1 Mar 2016   24-Mar-2016 09:24:35    Page  001
 - - - - - - - - - - - - - - - - - - - - - - - - - - - - - - - - - - - - - -
 
   This version was compiled by GCC version 5.3.0 using the options 
   -m64 -mtune=generic -march=x86-64 -mthreads -O2 -fimplicit-none -fbounds-check -funroll-loops -ftree-vectorize -fopenmp.
   This problem will use 1 of 2 possible threads.


  INPUT --- proc title ;

     CPU Time in seconds for last procedure was 0.00


  INPUT --- proc chmatrix occasions= 6 groups= 1 etype= Huggins icovar 
  INPUT --- = 1 ICMeans NoHist hist=  29 ;

  INPUT ---    time interval 1 1 1 1 1 ;

  INPUT ---     icovariates sex ;

  INPUT ---    glabel(1)=Group 1;

      Number of unique encounter histories read was 29.

      Number of individual covariates read was 1.
      Time interval lengths are all equal to 1.

      Data type number is 12
      Data type is Huggins' p and c                                                                                    

     CPU Time in seconds for last procedure was 0.00

  Program  MARK  - Survival Rate Estimation with Capture-Recapture Data
   gfortran(Win64) Vers. 8.1 Mar 2016   24-Mar-2016 09:24:35    Page  002
 - - - - - - - - - - - - - - - - - - - - - - - - - - - - - - - - - - - - - -
 


  INPUT --- proc estimate link=Logit NOLOOP varest=2ndPart    ;


  INPUT --- model={ p(~time + sex)c() };

  INPUT ---    group=1 p    rows=1 cols=6 Square ;
  INPUT ---        1 2 3 4 5 6 ;

  INPUT ---    group=1 c    rows=1 cols=5 Square ;
  INPUT ---        2 3 4 5 6 ;

  INPUT ---    design matrix constraints=6 covariates=7;
  INPUT ---        1 0 0 0 0 0 sex;
  INPUT ---        1 1 0 0 0 0 sex;
  INPUT ---        1 0 1 0 0 0 sex;
  INPUT ---        1 0 0 1 0 0 sex;
  INPUT ---        1 0 0 0 1 0 sex;
  INPUT ---        1 0 0 0 0 1 sex;

  INPUT ---    blabel(1)=p:(Intercept);

  INPUT ---    blabel(2)=p:time2;

  INPUT ---    blabel(3)=p:time3;

  INPUT ---    blabel(4)=p:time4;

  INPUT ---    blabel(5)=p:time5;

  INPUT ---    blabel(6)=p:time6;

  INPUT ---    blabel(7)=p:sex;

  INPUT ---    rlabel(1)=p g1 t1;

  INPUT ---    rlabel(2)=p g1 t2;

  INPUT ---    rlabel(3)=p g1 t3;

  INPUT ---    rlabel(4)=p g1 t4;

  INPUT ---    rlabel(5)=p g1 t5;

  INPUT ---    rlabel(6)=p g1 t6;

  Program  MARK  - Survival Rate Estimation with Capture-Recapture Data
   gfortran(Win64) Vers. 8.1 Mar 2016   24-Mar-2016 09:24:35    Page  003
 - - - - - - - - - - - - - - - - - - - - - - - - - - - - - - - - - - - - - -
 

 Link Function Used is LOGIT        

 Variance Estimation Procedure Used is 2ndPart 

 M(t+1):
      40


 -2logL(saturated) = -0.0000000    
 Effective Sample Size = 240

 Number of function evaluations was 16 for 7 parameters.
 Time for numerical optimization was 0.02 seconds.
 -2logL { p(~time + sex)c() } = 316.78630     
 Penalty { p(~time + sex)c() } = -0.0000000    
 Gradient { p(~time + sex)c() }:
 -0.6534796E-05  0.000000    -0.3272057E-05-0.2335092E-05  0.000000    
 -0.3469122E-05  0.000000    
 S Vector { p(~time + sex)c() }:
   77.75595      10.20727      10.12137      9.761549      9.515090    
   8.992178      1.253669    
 Time to compute number of parameters was 0.01 seconds.
   Threshold =  0.1600000E-06     Condition index =  0.1612313E-01     New Threshold =   3.316897    
 New Guessimate of Estimated Parameters { p(~time + sex)c() } = 1          
 Conditioned S Vector { p(~time + sex)c() }:
   1.000000     0.1312732     0.1301684     0.1255409     0.1223712    
  0.1156462     0.1612313E-01
 Number of Estimated Parameters { p(~time + sex)c() } = 7          
 DEVIANCE { p(~time + sex)c() } = 316.78630                     
 DEVIANCE Degrees of Freedom { p(~time + sex)c() } = 33            
 c-hat { p(~time + sex)c() } = 9.5995848                     
 AIC { p(~time + sex)c() } = 330.78630                  
 AICc { p(~time + sex)c() } = 331.26906                    
 BIC { p(~time + sex)c() } = 355.15077                    
 Pearson Chisquare { p(~time + sex)c() } = 2543.6009                  


                    LOGIT Link Function Parameters of { p(~time + sex)c() }
                                                              95% Confidence Interval
 Parameter                    Beta         Standard Error      Lower           Upper
 -------------------------  --------------  --------------  --------------  --------------
    1:p:(Intercept)         -0.7397153      0.3822576       -1.4889402      0.0095096     
    2:p:time2               0.3330399       0.4726863       -0.5934253      1.2595051     
    3:p:time3               0.7372381       0.4652780       -0.1747069      1.6491830     
    4:p:time4               1.4343117       0.4738338       0.5055974       2.3630260     
    5:p:time5               0.8351980       0.4648333       -0.0758752      1.7462713     
    6:p:time6               0.6385533       0.4662539       -0.2753043      1.5524109     
    7:p:sex                 -0.2467208      0.2863885       -0.8080423      0.3146006     


                    Real Function Parameters of { p(~time + sex)c() }

  Program  MARK  - Survival Rate Estimation with Capture-Recapture Data
   gfortran(Win64) Vers. 8.1 Mar 2016   24-Mar-2016 09:24:35    Page  004
 - - - - - - - - - - - - - - - - - - - - - - - - - - - - - - - - - - - - - -
 

      Following estimates based on unstandardized individual covariate values:
          Variable   Value         
          ---------  ------------- 
          SEX        0.6000000     
                                                               95% Confidence Interval
  Parameter                  Estimate       Standard Error      Lower           Upper
 --------------------------  --------------  --------------  --------------  --------------
     1:p g1 t1               0.2915748       0.0714446       0.1728342       0.4477359                           
     2:p g1 t2               0.3647728       0.0758858       0.2320798       0.5217834                           
     3:p g1 t3               0.4624434       0.0789555       0.3158234       0.6158602                           
     4:p g1 t4               0.6333380       0.0772695       0.4736222       0.7683000                           
     5:p g1 t5               0.4868656       0.0792568       0.3375229       0.6385908                           
     6:p g1 t6               0.4380218       0.0784717       0.2944199       0.5928173                           


                     Estimates of Derived Parameters
              Population Estimates of { p(~time + sex)c() }
                                                95% Confidence Interval
     Group     N-hat        Standard Error      Lower           Upper
 ---------  --------------  --------------  --------------  --------------
       1    41.096949       1.1530744       40.202219       45.950465     

     CPU Time in seconds for last procedure was 0.02

  Program  MARK  - Survival Rate Estimation with Capture-Recapture Data
   gfortran(Win64) Vers. 8.1 Mar 2016   24-Mar-2016 09:24:35    Page  005
 - - - - - - - - - - - - - - - - - - - - - - - - - - - - - - - - - - - - - -
 


  INPUT --- proc stop;

     CPU Time in minutes for this job was 0.00

     Time Start = 09:24:35.270   Time End = 09:24:35.285

     Wall Clock Time in minutes for this job was 0.00


          E X E C U T I O N   S U C C E S S F U L 
