
   Program  MARK  - Survival Rate Estimation with Capture-Recapture Data
   gfortran(Win64) Vers. 8.1 Mar 2016   25-Mar-2016 13:30:30    Page  001
 - - - - - - - - - - - - - - - - - - - - - - - - - - - - - - - - - - - - - -
 
   This version was compiled by GCC version 5.3.0 using the options 
   -m64 -mtune=generic -march=x86-64 -mthreads -O2 -fimplicit-none -fbounds-check -funroll-loops -ftree-vectorize -fopenmp.
   This problem will use 7 of 8 possible threads.


  INPUT --- proc title ;

     CPU Time in seconds for last procedure was 0.00


  INPUT --- proc chmatrix occasions= 6 groups= 1 etype= Huggins ICMeans 
  INPUT --- NoHist hist= 20 ;

  INPUT ---    time  interval 1 1 1 1 1 ;

  INPUT ---    glabel(1)=Group 1;

      Number of unique encounter histories read was 20.

      Number of individual covariates read was 0.
      Time interval lengths are all equal to 1.

      Data type number is 12
      Data type is Huggins' p and c                                                                                    

     CPU Time in seconds for last procedure was 0.00

  Program  MARK  - Survival Rate Estimation with Capture-Recapture Data
   gfortran(Win64) Vers. 8.1 Mar 2016   25-Mar-2016 13:30:30    Page  002
 - - - - - - - - - - - - - - - - - - - - - - - - - - - - - - - - - - - - - -
 


  INPUT --- proc estimate link=Logit NOLOOP varest=2ndPart    ;


  INPUT --- model={ p(~time)c() };

  INPUT ---    group=1 p    rows=1 cols=6 Square ;
  INPUT ---        1 2 3 4 5 6 ;

  INPUT ---    group=1 c    rows=1 cols=5 Square ;
  INPUT ---        2 3 4 5 6 ;

  INPUT ---    design matrix constraints=6 covariates=6;
  INPUT ---        1 0 0 0 0 0;
  INPUT ---        1 1 0 0 0 0;
  INPUT ---        1 0 1 0 0 0;
  INPUT ---        1 0 0 1 0 0;
  INPUT ---        1 0 0 0 1 0;
  INPUT ---        1 0 0 0 0 1;

  INPUT ---    blabel(1)=p:(Intercept);

  INPUT ---    blabel(2)=p:time2;

  INPUT ---    blabel(3)=p:time3;

  INPUT ---    blabel(4)=p:time4;

  INPUT ---    blabel(5)=p:time5;

  INPUT ---    blabel(6)=p:time6;

  INPUT ---    rlabel(1)=p g1 t1;

  INPUT ---    rlabel(2)=p g1 t2;

  INPUT ---    rlabel(3)=p g1 t3;

  INPUT ---    rlabel(4)=p g1 t4;

  INPUT ---    rlabel(5)=p g1 t5;

  INPUT ---    rlabel(6)=p g1 t6;

 Link Function Used is LOGIT        

  Program  MARK  - Survival Rate Estimation with Capture-Recapture Data
   gfortran(Win64) Vers. 8.1 Mar 2016   25-Mar-2016 13:30:30    Page  003
 - - - - - - - - - - - - - - - - - - - - - - - - - - - - - - - - - - - - - -
 

 Variance Estimation Procedure Used is 2ndPart 

 M(t+1):
      39


 -2logL(saturated) = 7.3113508     
 Effective Sample Size = 234

 Number of function evaluations was 14 for 6 parameters.
 Time for numerical optimization was 0.02 seconds.
 -2logL { p(~time)c() } = 312.23132     
 Penalty { p(~time)c() } = -0.0000000    
 Gradient { p(~time)c() }:
  0.2902866E-05 0.3033876E-05 0.2738862E-05  0.000000     0.2611102E-05
  0.3207278E-05
 S Vector { p(~time)c() }:
   58.72800      9.893261      9.858199      9.810412      9.544435    
   1.187356    
 Time to compute number of parameters was 0.01 seconds.
   Threshold =  0.1400000E-06     Condition index =  0.2021788E-01     New Threshold =   2.908415    
 New Guessimate of Estimated Parameters { p(~time)c() } = 1          
 Conditioned S Vector { p(~time)c() }:
   1.000000     0.1684590     0.1678620     0.1670483     0.1625193    
  0.2021788E-01
 Number of Estimated Parameters { p(~time)c() } = 6          
 DEVIANCE { p(~time)c() } = 304.91997                     
 DEVIANCE Degrees of Freedom { p(~time)c() } = 14            
 c-hat { p(~time)c() } = 21.779998                     
 AIC { p(~time)c() } = 324.23132                  
 AICc { p(~time)c() } = 324.60137                    
 BIC { p(~time)c() } = 344.96325                    
 Pearson Chisquare { p(~time)c() } = 148.23348                  
 Possible Encounter Histories { p(~time)c() } = 63             
 Pearson Chisquare df { p(~time)c() } = 56        
 Pearson chat { p(~time)c() } = 2.6470264                  
 Sum(Observed/Expected) { p(~time)c() } = 61.191349                  
 Fletcher chat { p(~time)c() } = 2.7252653                  


                       LOGIT Link Function Parameters of { p(~time)c() }
                                                              95% Confidence Interval
 Parameter                    Beta         Standard Error      Lower           Upper
 -------------------------  --------------  --------------  --------------  --------------
    1:p:(Intercept)         -0.9581826      0.3559711       -1.6558860      -0.2604793    
    2:p:time2               0.8736239       0.4763572       -0.0600362      1.8072840     
    3:p:time3               1.0754392       0.4766664       0.1411730       2.0097054     
    4:p:time4               1.3840738       0.4815391       0.4402572       2.3278904     
    5:p:time5               1.1769892       0.4776708       0.2407544       2.1132240     
    6:p:time6               0.7723259       0.4770393       -0.1626712      1.7073229     


                       Real Function Parameters of { p(~time)c() }
                                                               95% Confidence Interval
  Parameter                  Estimate       Standard Error      Lower           Upper
 --------------------------  --------------  --------------  --------------  --------------
     1:p g1 t1               0.2772422       0.0713291       0.1603150       0.4352459                           
     2:p g1 t2               0.4788729       0.0800105       0.3289444       0.6327066                           
     3:p g1 t3               0.5292806       0.0801008       0.3745152       0.6786136                           
     4:p g1 t4               0.6048921       0.0787548       0.4452281       0.7449301                           
     5:p g1 t5               0.5544844       0.0798515       0.3977731       0.7010631                           
     6:p g1 t6               0.4536691       0.0796703       0.3066386       0.6092517                           

  Program  MARK  - Survival Rate Estimation with Capture-Recapture Data
   gfortran(Win64) Vers. 8.1 Mar 2016   25-Mar-2016 13:30:30    Page  004
 - - - - - - - - - - - - - - - - - - - - - - - - - - - - - - - - - - - - - -
 


                     Estimates of Derived Parameters
                 Population Estimates of { p(~time)c() }
                                                95% Confidence Interval
     Group     N-hat        Standard Error      Lower           Upper
 ---------  --------------  --------------  --------------  --------------
       1    39.676498       0.8767388       39.096643       43.735466     

     CPU Time in seconds for last procedure was 0.02


  INPUT --- proc stop;

     CPU Time in minutes for this job was 0.00

     Time Start = 13:30:30.590   Time End = 13:30:30.606

     Wall Clock Time in minutes for this job was 0.00


          E X E C U T I O N   S U C C E S S F U L 
