
   Program  MARK  - Survival Rate Estimation with Capture-Recapture Data
   gfortran(Win64) Vers. 8.1 Mar 2016   25-Mar-2016 13:30:01    Page  001
 - - - - - - - - - - - - - - - - - - - - - - - - - - - - - - - - - - - - - -
 
   This version was compiled by GCC version 5.3.0 using the options 
   -m64 -mtune=generic -march=x86-64 -mthreads -O2 -fimplicit-none -fbounds-check -funroll-loops -ftree-vectorize -fopenmp.
   This problem will use 7 of 8 possible threads.


  INPUT --- proc title ;

     CPU Time in seconds for last procedure was 0.00


  INPUT --- proc chmatrix occasions= 6 groups= 1 etype= Huggins ICMeans 
  INPUT --- NoHist hist= 23 ;

  INPUT ---    time  interval 1 1 1 1 1 ;

  INPUT ---    glabel(1)=Group 1;

      Number of unique encounter histories read was 23.

      Number of individual covariates read was 0.
      Time interval lengths are all equal to 1.

      Data type number is 12
      Data type is Huggins' p and c                                                                                    

     CPU Time in seconds for last procedure was 0.02

  Program  MARK  - Survival Rate Estimation with Capture-Recapture Data
   gfortran(Win64) Vers. 8.1 Mar 2016   25-Mar-2016 13:30:01    Page  002
 - - - - - - - - - - - - - - - - - - - - - - - - - - - - - - - - - - - - - -
 


  INPUT --- proc estimate link=Logit NOLOOP varest=2ndPart    ;


  INPUT --- model={ p(~c + time)c() };

  INPUT ---    group=1 p    rows=1 cols=6 Square ;
  INPUT ---        1 2 3 4 5 6 ;

  INPUT ---    group=1 c    rows=1 cols=5 Square ;
  INPUT ---        7 8 9 10 11 ;

  INPUT ---    design matrix constraints=11 covariates=7;
  INPUT ---        1 0 0 0 0 0 0;
  INPUT ---        1 0 1 0 0 0 0;
  INPUT ---        1 0 0 1 0 0 0;
  INPUT ---        1 0 0 0 1 0 0;
  INPUT ---        1 0 0 0 0 1 0;
  INPUT ---        1 0 0 0 0 0 1;
  INPUT ---        1 1 1 0 0 0 0;
  INPUT ---        1 1 0 1 0 0 0;
  INPUT ---        1 1 0 0 1 0 0;
  INPUT ---        1 1 0 0 0 1 0;
  INPUT ---        1 1 0 0 0 0 1;

  INPUT ---    blabel(1)=p:(Intercept);

  INPUT ---    blabel(2)=p:c;

  INPUT ---    blabel(3)=p:time2;

  INPUT ---    blabel(4)=p:time3;

  INPUT ---    blabel(5)=p:time4;

  INPUT ---    blabel(6)=p:time5;

  INPUT ---    blabel(7)=p:time6;

  INPUT ---    rlabel(1)=p g1 t1;

  INPUT ---    rlabel(2)=p g1 t2;

  INPUT ---    rlabel(3)=p g1 t3;


  Program  MARK  - Survival Rate Estimation with Capture-Recapture Data
   gfortran(Win64) Vers. 8.1 Mar 2016   25-Mar-2016 13:30:01    Page  003
 - - - - - - - - - - - - - - - - - - - - - - - - - - - - - - - - - - - - - -
 
  INPUT ---    rlabel(4)=p g1 t4;

  INPUT ---    rlabel(5)=p g1 t5;

  INPUT ---    rlabel(6)=p g1 t6;

  INPUT ---    rlabel(7)=c g1 t2;

  INPUT ---    rlabel(8)=c g1 t3;

  INPUT ---    rlabel(9)=c g1 t4;

  INPUT ---    rlabel(10)=c g1 t5;

  INPUT ---    rlabel(11)=c g1 t6;

 Link Function Used is LOGIT        

 Variance Estimation Procedure Used is 2ndPart 

 M(t+1):
      38


 -2logL(saturated) = 19.200157     
 Effective Sample Size = 228

 Number of function evaluations was 16 for 7 parameters.
 Time for numerical optimization was 0.01 seconds.
 -2logL { p(~c + time)c() } = 302.80626     
 Penalty { p(~c + time)c() } = -0.0000000    
 Gradient { p(~c + time)c() }:
  0.1327582E-04 0.1579632E-04-0.5179904E-05 0.4945201E-05 0.4397677E-05
  0.9852303E-05  0.000000    
 S Vector { p(~c + time)c() }:
   76.50296      10.70240      10.10993      9.682851      9.573007    
   3.083758     0.4761703    
 Time to compute number of parameters was 0.02 seconds.
   Threshold =  0.1600000E-06     Condition index =  0.6224208E-02     New Threshold =   1.259828    
 New Guessimate of Estimated Parameters { p(~c + time)c() } = 1          
 Conditioned S Vector { p(~c + time)c() }:
   1.000000     0.1398952     0.1321508     0.1265683     0.1251325    
  0.4030900E-01 0.6224208E-02
 Number of Estimated Parameters { p(~c + time)c() } = 7          
 DEVIANCE { p(~c + time)c() } = 283.60610                     
 DEVIANCE Degrees of Freedom { p(~c + time)c() } = 16            
 c-hat { p(~c + time)c() } = 17.725381                     
 AIC { p(~c + time)c() } = 316.80626                  
 AICc { p(~c + time)c() } = 317.31535                    
 BIC { p(~c + time)c() } = 340.81167                    
 Pearson Chisquare { p(~c + time)c() } = 109.86777                  
 Possible Encounter Histories { p(~c + time)c() } = 63             
 Pearson Chisquare df { p(~c + time)c() } = 55        
 Pearson chat { p(~c + time)c() } = 1.9975959                  
 Sum(Observed/Expected) { p(~c + time)c() } = 66.085241                  
 Fletcher chat { p(~c + time)c() } = 1.9043366                  


                     LOGIT Link Function Parameters of { p(~c + time)c() }
                                                              95% Confidence Interval
 Parameter                    Beta         Standard Error      Lower           Upper
 -------------------------  --------------  --------------  --------------  --------------
    1:p:(Intercept)         -0.7126907      0.3869875       -1.4711861      0.0458048     

  Program  MARK  - Survival Rate Estimation with Capture-Recapture Data
   gfortran(Win64) Vers. 8.1 Mar 2016   25-Mar-2016 13:30:01    Page  004
 - - - - - - - - - - - - - - - - - - - - - - - - - - - - - - - - - - - - - -
 
    2:p:c                   1.1591132       0.7213087       -0.2546520      2.5728783     
    3:p:time2               -0.0973837      0.5215059       -1.1195353      0.9247679     
    4:p:time3               -0.1494663      0.6043989       -1.3340883      1.0351556     
    5:p:time4               0.2925783       0.6869895       -1.0539211      1.6390777     
    6:p:time5               -0.1539113      0.7235696       -1.5721076      1.2642851     
    7:p:time6               -0.5019639      0.7312359       -1.9351863      0.9312585     


                     Real Function Parameters of { p(~c + time)c() }
                                                               95% Confidence Interval
  Parameter                  Estimate       Standard Error      Lower           Upper
 --------------------------  --------------  --------------  --------------  --------------
     1:p g1 t1               0.3290046       0.0854316       0.1867624       0.5114492                           
     2:p g1 t2               0.3078746       0.1163524       0.1323551       0.5646719                           
     3:p g1 t3               0.2968889       0.1393894       0.1023905       0.6098370                           
     4:p g1 t4               0.3964899       0.1855244       0.1256751       0.7501714                           
     5:p g1 t5               0.2959619       0.1700611       0.0782571       0.6754771                           
     6:p g1 t6               0.2288785       0.1452459       0.0558484       0.5982882                           
     7:c g1 t2               0.5863845       0.1079677       0.3720408       0.7723361                           
     8:c g1 t3               0.5736983       0.0881851       0.3989674       0.7317818                           
     9:c g1 t4               0.6767773       0.0750158       0.5167084       0.8039462                           
    10:c g1 t5               0.5726108       0.0797087       0.4143849       0.7172558                           
    11:c g1 t6               0.4861182       0.0804249       0.3347989       0.6400259                           


                     Estimates of Derived Parameters
               Population Estimates of { p(~c + time)c() }
                                                95% Confidence Interval
     Group     N-hat        Standard Error      Lower           Upper
 ---------  --------------  --------------  --------------  --------------
       1    42.552582       5.9419195       38.644714       70.147595     

     CPU Time in seconds for last procedure was 0.02

  Program  MARK  - Survival Rate Estimation with Capture-Recapture Data
   gfortran(Win64) Vers. 8.1 Mar 2016   25-Mar-2016 13:30:01    Page  005
 - - - - - - - - - - - - - - - - - - - - - - - - - - - - - - - - - - - - - -
 


  INPUT --- proc stop;

     CPU Time in minutes for this job was 0.00

     Time Start = 13:30:01.898   Time End = 13:30:01.929

     Wall Clock Time in minutes for this job was 0.00


          E X E C U T I O N   S U C C E S S F U L 
