
   Program  MARK  - Survival Rate Estimation with Capture-Recapture Data
   gfortran(Win64) Vers. 8.1 Mar 2016   24-Mar-2016 08:52:44    Page  001
 - - - - - - - - - - - - - - - - - - - - - - - - - - - - - - - - - - - - - -
 
   This version was compiled by GCC version 5.3.0 using the options 
   -m64 -mtune=generic -march=x86-64 -mthreads -O2 -fimplicit-none -fbounds-check -funroll-loops -ftree-vectorize -fopenmp.
   This problem will use 1 of 2 possible threads.


  INPUT --- proc title ;

     CPU Time in seconds for last procedure was 0.00


  INPUT --- proc chmatrix occasions= 6 groups= 1 etype= Huggins ICMeans 
  INPUT --- NoHist hist= 25 ;

  INPUT ---    time  interval 1 1 1 1 1 ;

  INPUT ---    glabel(1)=Group 1;

      Number of unique encounter histories read was 25.

      Number of individual covariates read was 0.
      Time interval lengths are all equal to 1.

      Data type number is 12
      Data type is Huggins' p and c                                                                                    

     CPU Time in seconds for last procedure was 0.00

  Program  MARK  - Survival Rate Estimation with Capture-Recapture Data
   gfortran(Win64) Vers. 8.1 Mar 2016   24-Mar-2016 08:52:44    Page  002
 - - - - - - - - - - - - - - - - - - - - - - - - - - - - - - - - - - - - - -
 


  INPUT --- proc estimate link=Logit NOLOOP varest=2ndPart    ;


  INPUT --- model={ p(~c + time)c() };

  INPUT ---    group=1 p    rows=1 cols=6 Square ;
  INPUT ---        1 2 3 4 5 6 ;

  INPUT ---    group=1 c    rows=1 cols=5 Square ;
  INPUT ---        7 8 9 10 11 ;

  INPUT ---    design matrix constraints=11 covariates=7;
  INPUT ---        1 0 0 0 0 0 0;
  INPUT ---        1 0 1 0 0 0 0;
  INPUT ---        1 0 0 1 0 0 0;
  INPUT ---        1 0 0 0 1 0 0;
  INPUT ---        1 0 0 0 0 1 0;
  INPUT ---        1 0 0 0 0 0 1;
  INPUT ---        1 1 1 0 0 0 0;
  INPUT ---        1 1 0 1 0 0 0;
  INPUT ---        1 1 0 0 1 0 0;
  INPUT ---        1 1 0 0 0 1 0;
  INPUT ---        1 1 0 0 0 0 1;

  INPUT ---    blabel(1)=p:(Intercept);

  INPUT ---    blabel(2)=p:c;

  INPUT ---    blabel(3)=p:time2;

  INPUT ---    blabel(4)=p:time3;

  INPUT ---    blabel(5)=p:time4;

  INPUT ---    blabel(6)=p:time5;

  INPUT ---    blabel(7)=p:time6;

  INPUT ---    rlabel(1)=p g1 t1;

  INPUT ---    rlabel(2)=p g1 t2;

  INPUT ---    rlabel(3)=p g1 t3;


  Program  MARK  - Survival Rate Estimation with Capture-Recapture Data
   gfortran(Win64) Vers. 8.1 Mar 2016   24-Mar-2016 08:52:44    Page  003
 - - - - - - - - - - - - - - - - - - - - - - - - - - - - - - - - - - - - - -
 
  INPUT ---    rlabel(4)=p g1 t4;

  INPUT ---    rlabel(5)=p g1 t5;

  INPUT ---    rlabel(6)=p g1 t6;

  INPUT ---    rlabel(7)=c g1 t2;

  INPUT ---    rlabel(8)=c g1 t3;

  INPUT ---    rlabel(9)=c g1 t4;

  INPUT ---    rlabel(10)=c g1 t5;

  INPUT ---    rlabel(11)=c g1 t6;

 Link Function Used is LOGIT        

 Variance Estimation Procedure Used is 2ndPart 

 M(t+1):
      38


 -2logL(saturated) = 24.468449     
 Effective Sample Size = 228

 Number of function evaluations was 21 for 7 parameters.
 Time for numerical optimization was 0.02 seconds.
 -2logL { p(~c + time)c() } = 302.89272     
 Penalty { p(~c + time)c() } = -0.0000000    
 Gradient { p(~c + time)c() }:
 -0.5499347E-05-0.6902930E-05  0.000000      0.000000      0.000000    
 -0.4539863E-05  0.000000    
 S Vector { p(~c + time)c() }:
   74.76482      10.68950      10.49644      10.10124      10.02102    
   2.282509     0.2740205    
 Time to compute number of parameters was 0.01 seconds.
   Threshold =  0.1600000E-06     Condition index =  0.3665100E-02     New Threshold =  0.7249901    
 New Guessimate of Estimated Parameters { p(~c + time)c() } = 1          
 Conditioned S Vector { p(~c + time)c() }:
   1.000000     0.1429750     0.1403928     0.1351069     0.1340339    
  0.3052919E-01 0.3665100E-02
 Number of Estimated Parameters { p(~c + time)c() } = 7          
 DEVIANCE { p(~c + time)c() } = 278.42427                     
 DEVIANCE Degrees of Freedom { p(~c + time)c() } = 18            
 c-hat { p(~c + time)c() } = 15.468015                     
 AIC { p(~c + time)c() } = 316.89272                  
 AICc { p(~c + time)c() } = 317.40181                    
 BIC { p(~c + time)c() } = 340.89814                    
 Pearson Chisquare { p(~c + time)c() } = 102.98527                  
 Possible Encounter Histories { p(~c + time)c() } = 63             
 Pearson Chisquare df { p(~c + time)c() } = 55        
 Pearson chat { p(~c + time)c() } = 1.8724594                  
 Sum(Observed/Expected) { p(~c + time)c() } = 62.828269                  
 Fletcher chat { p(~c + time)c() } = 1.8775775                  


                     LOGIT Link Function Parameters of { p(~c + time)c() }
                                                              95% Confidence Interval
 Parameter                    Beta         Standard Error      Lower           Upper
 -------------------------  --------------  --------------  --------------  --------------
    1:p:(Intercept)         -1.0672790      0.5277145       -2.1015994      -0.0329585    

  Program  MARK  - Survival Rate Estimation with Capture-Recapture Data
   gfortran(Win64) Vers. 8.1 Mar 2016   24-Mar-2016 08:52:44    Page  004
 - - - - - - - - - - - - - - - - - - - - - - - - - - - - - - - - - - - - - -
 
    2:p:c                   1.4704041       1.0825660       -0.6514253      3.5922336     
    3:p:time2               0.3885330       0.5581607       -0.7054619      1.4825280     
    4:p:time3               -0.0899359      0.7154891       -1.4922946      1.3124227     
    5:p:time4               -0.0293288      0.8276047       -1.6514341      1.5927765     
    6:p:time5               -0.2520955      0.8729307       -1.9630397      1.4588486     
    7:p:time6               -0.6937205      0.8761405       -2.4109560      1.0235150     


                     Real Function Parameters of { p(~c + time)c() }
                                                               95% Confidence Interval
  Parameter                  Estimate       Standard Error      Lower           Upper
 --------------------------  --------------  --------------  --------------  --------------
     1:p g1 t1               0.2559209       0.1004902       0.1089415       0.4917611                           
     2:p g1 t2               0.3365413       0.1757579       0.0978294       0.7035137                           
     3:p g1 t3               0.2391737       0.1808122       0.0429119       0.6878995                           
     4:p g1 t4               0.2503760       0.2116777       0.0353274       0.7528582                           
     5:p g1 t5               0.2109224       0.1960038       0.0258917       0.7288608                           
     6:p g1 t6               0.1466652       0.1473668       0.0168095       0.6334067                           
     7:c g1 t2               0.6881873       0.1082768       0.4508271       0.8557766                           
     8:c g1 t3               0.5776635       0.0887640       0.4013302       0.7361987                           
     9:c g1 t4               0.5923760       0.0788295       0.4338727       0.7337359                           
    10:c g1 t5               0.5376858       0.0802448       0.3818545       0.6864864                           
    11:c g1 t6               0.4278581       0.0791865       0.2840182       0.5850224                           


                     Estimates of Derived Parameters
               Population Estimates of { p(~c + time)c() }
                                                95% Confidence Interval
     Group     N-hat        Standard Error      Lower           Upper
 ---------  --------------  --------------  --------------  --------------
       1    46.889486       14.235917       38.975456       119.01130     

     CPU Time in seconds for last procedure was 0.02

  Program  MARK  - Survival Rate Estimation with Capture-Recapture Data
   gfortran(Win64) Vers. 8.1 Mar 2016   24-Mar-2016 08:52:44    Page  005
 - - - - - - - - - - - - - - - - - - - - - - - - - - - - - - - - - - - - - -
 


  INPUT --- proc stop;

     CPU Time in minutes for this job was 0.00

     Time Start = 08:52:44.780   Time End = 08:52:44.796

     Wall Clock Time in minutes for this job was 0.00


          E X E C U T I O N   S U C C E S S F U L 
