
   Program  MARK  - Survival Rate Estimation with Capture-Recapture Data
   gfortran(Win64) Vers. 8.1 Mar 2016   24-Mar-2016 10:40:17    Page  001
 - - - - - - - - - - - - - - - - - - - - - - - - - - - - - - - - - - - - - -
 
   This version was compiled by GCC version 5.3.0 using the options 
   -m64 -mtune=generic -march=x86-64 -mthreads -O2 -fimplicit-none -fbounds-check -funroll-loops -ftree-vectorize -fopenmp.
   This problem will use 7 of 8 possible threads.


  INPUT --- proc title ;

     CPU Time in seconds for last procedure was 0.00


  INPUT --- proc chmatrix occasions= 6 groups= 1 etype= Huggins icovar 
  INPUT --- = 1 ICMeans NoHist hist=  29 ;

  INPUT ---    time interval 1 1 1 1 1 ;

  INPUT ---     icovariates sex ;

  INPUT ---    glabel(1)=Group 1;

      Number of unique encounter histories read was 29.

      Number of individual covariates read was 1.
      Time interval lengths are all equal to 1.

      Data type number is 12
      Data type is Huggins' p and c                                                                                    

     CPU Time in seconds for last procedure was 0.02

  Program  MARK  - Survival Rate Estimation with Capture-Recapture Data
   gfortran(Win64) Vers. 8.1 Mar 2016   24-Mar-2016 10:40:17    Page  002
 - - - - - - - - - - - - - - - - - - - - - - - - - - - - - - - - - - - - - -
 


  INPUT --- proc estimate link=Logit NOLOOP varest=2ndPart    ;


  INPUT --- model={ p(~c + time + sex)c() };

  INPUT ---    group=1 p    rows=1 cols=6 Square ;
  INPUT ---        1 2 3 4 5 6 ;

  INPUT ---    group=1 c    rows=1 cols=5 Square ;
  INPUT ---        7 8 9 10 11 ;

  INPUT ---    design matrix constraints=11 covariates=8;
  INPUT ---        1 0 0 0 0 0 0 sex;
  INPUT ---        1 0 1 0 0 0 0 sex;
  INPUT ---        1 0 0 1 0 0 0 sex;
  INPUT ---        1 0 0 0 1 0 0 sex;
  INPUT ---        1 0 0 0 0 1 0 sex;
  INPUT ---        1 0 0 0 0 0 1 sex;
  INPUT ---        1 1 1 0 0 0 0 sex;
  INPUT ---        1 1 0 1 0 0 0 sex;
  INPUT ---        1 1 0 0 1 0 0 sex;
  INPUT ---        1 1 0 0 0 1 0 sex;
  INPUT ---        1 1 0 0 0 0 1 sex;

  INPUT ---    blabel(1)=p:(Intercept);

  INPUT ---    blabel(2)=p:c;

  INPUT ---    blabel(3)=p:time2;

  INPUT ---    blabel(4)=p:time3;

  INPUT ---    blabel(5)=p:time4;

  INPUT ---    blabel(6)=p:time5;

  INPUT ---    blabel(7)=p:time6;

  INPUT ---    blabel(8)=p:sex;

  INPUT ---    rlabel(1)=p g1 t1;

  INPUT ---    rlabel(2)=p g1 t2;


  Program  MARK  - Survival Rate Estimation with Capture-Recapture Data
   gfortran(Win64) Vers. 8.1 Mar 2016   24-Mar-2016 10:40:17    Page  003
 - - - - - - - - - - - - - - - - - - - - - - - - - - - - - - - - - - - - - -
 
  INPUT ---    rlabel(3)=p g1 t3;

  INPUT ---    rlabel(4)=p g1 t4;

  INPUT ---    rlabel(5)=p g1 t5;

  INPUT ---    rlabel(6)=p g1 t6;

  INPUT ---    rlabel(7)=c g1 t2;

  INPUT ---    rlabel(8)=c g1 t3;

  INPUT ---    rlabel(9)=c g1 t4;

  INPUT ---    rlabel(10)=c g1 t5;

  INPUT ---    rlabel(11)=c g1 t6;

 Link Function Used is LOGIT        

 Variance Estimation Procedure Used is 2ndPart 

 M(t+1):
      40


 -2logL(saturated) = -0.0000000    
 Effective Sample Size = 240

 Number of function evaluations was 21 for 8 parameters.
 Time for numerical optimization was 0.06 seconds.
 -2logL { p(~c + time + sex)c() } = 311.63343     
 Penalty { p(~c + time + sex)c() } = -0.0000000    
 Gradient { p(~c + time + sex)c() }:
   0.000000      0.000000      0.000000    -0.5632016E-05  0.000000    
   0.000000      0.000000     0.4203403E-05
 S Vector { p(~c + time + sex)c() }:
   87.38016      11.23633      11.13486      10.67287      10.08161    
   7.310525      2.094264     0.3380593    
 Time to compute number of parameters was 0.01 seconds.
   Threshold =  0.1800000E-06     Condition index =  0.3868834E-02     New Threshold =  0.9561762    
 New Guessimate of Estimated Parameters { p(~c + time + sex)c() } = 1          
 Conditioned S Vector { p(~c + time + sex)c() }:
   1.000000     0.1285913     0.1274301     0.1221430     0.1153764    
  0.8366344E-01 0.2396728E-01 0.3868834E-02
 Number of Estimated Parameters { p(~c + time + sex)c() } = 8          
 DEVIANCE { p(~c + time + sex)c() } = 311.63343                     
 DEVIANCE Degrees of Freedom { p(~c + time + sex)c() } = 32            
 c-hat { p(~c + time + sex)c() } = 9.7385446                     
 AIC { p(~c + time + sex)c() } = 327.63343                  
 AICc { p(~c + time + sex)c() } = 328.25680                    
 BIC { p(~c + time + sex)c() } = 355.47854                    
 Pearson Chisquare { p(~c + time + sex)c() } = 2495.0202                  

  Program  MARK  - Survival Rate Estimation with Capture-Recapture Data
   gfortran(Win64) Vers. 8.1 Mar 2016   24-Mar-2016 10:40:17    Page  004
 - - - - - - - - - - - - - - - - - - - - - - - - - - - - - - - - - - - - - -
 


                  LOGIT Link Function Parameters of { p(~c + time + sex)c() }
                                                              95% Confidence Interval
 Parameter                    Beta         Standard Error      Lower           Upper
 -------------------------  --------------  --------------  --------------  --------------
    1:p:(Intercept)         -1.0068013      0.5580922       -2.1006621      0.0870594     
    2:p:c                   1.5219058       1.0310504       -0.4989531      3.5427647     
    3:p:time2               -0.1196832      0.5329235       -1.1642133      0.9248469     
    4:p:time3               0.0092912       0.6152204       -1.1965409      1.2151233     
    5:p:time4               0.3852340       0.7412265       -1.0675701      1.8380380     
    6:p:time5               -0.3846417      0.7875215       -1.9281840      1.1589005     
    7:p:time6               -0.6158321      0.7949359       -2.1739065      0.9422422     
    8:p:sex                 -0.3523191      0.3419272       -1.0224963      0.3178582     


                  Real Function Parameters of { p(~c + time + sex)c() }

      Following estimates based on unstandardized individual covariate values:
          Variable   Value         
          ---------  ------------- 
          SEX        0.6000000     
                                                               95% Confidence Interval
  Parameter                  Estimate       Standard Error      Lower           Upper
 --------------------------  --------------  --------------  --------------  --------------
     1:p g1 t1               0.2282546       0.0983670       0.0900780       0.4691138                           
     2:p g1 t2               0.2078596       0.1278987       0.0541488       0.5460189                           
     3:p g1 t3               0.2298955       0.1612279       0.0477063       0.6401482                           
     4:p g1 t4               0.3030198       0.2272940       0.0501003       0.7818382                           
     5:p g1 t5               0.1675858       0.1565128       0.0218416       0.6447830                           
     6:p g1 t6               0.1377595       0.1339860       0.0172100       0.5931148                           
     7:c g1 t2               0.5458781       0.1190222       0.3192920       0.7549311                           
     8:c g1 t3               0.5776184       0.0916834       0.3956692       0.7406888                           
     9:c g1 t4               0.6657326       0.0732995       0.5108351       0.7915917                           
    10:c g1 t5               0.4797789       0.0780726       0.3331393       0.6299874                           
    11:c g1 t6               0.4225976       0.0767293       0.2832400       0.5754710                           


                     Estimates of Derived Parameters
            Population Estimates of { p(~c + time + sex)c() }
                                                95% Confidence Interval
     Group     N-hat        Standard Error      Lower           Upper
 ---------  --------------  --------------  --------------  --------------
       1    52.708019       18.696804       41.550402       144.16252     

     CPU Time in seconds for last procedure was 0.08

  Program  MARK  - Survival Rate Estimation with Capture-Recapture Data
   gfortran(Win64) Vers. 8.1 Mar 2016   24-Mar-2016 10:40:17    Page  005
 - - - - - - - - - - - - - - - - - - - - - - - - - - - - - - - - - - - - - -
 


  INPUT --- proc stop;

     CPU Time in minutes for this job was 0.00

     Time Start = 10:40:17.858   Time End = 10:40:17.905

     Wall Clock Time in minutes for this job was 0.00


          E X E C U T I O N   S U C C E S S F U L 
