
   Program  MARK  - Survival Rate Estimation with Capture-Recapture Data
   gfortran(Win64) Vers. 8.1 Mar 2016   24-Mar-2016 08:52:44    Page  001
 - - - - - - - - - - - - - - - - - - - - - - - - - - - - - - - - - - - - - -
 
   This version was compiled by GCC version 5.3.0 using the options 
   -m64 -mtune=generic -march=x86-64 -mthreads -O2 -fimplicit-none -fbounds-check -funroll-loops -ftree-vectorize -fopenmp.
   This problem will use 1 of 2 possible threads.


  INPUT --- proc title ;

     CPU Time in seconds for last procedure was 0.00


  INPUT --- proc chmatrix occasions= 6 groups= 1 etype= Huggins icovar 
  INPUT --- = 1 ICMeans NoHist hist=  30 ;

  INPUT ---    time interval 1 1 1 1 1 ;

  INPUT ---     icovariates sex ;

  INPUT ---    glabel(1)=Group 1;

      Number of unique encounter histories read was 30.

      Number of individual covariates read was 1.
      Time interval lengths are all equal to 1.

      Data type number is 12
      Data type is Huggins' p and c                                                                                    

     CPU Time in seconds for last procedure was 0.00

  Program  MARK  - Survival Rate Estimation with Capture-Recapture Data
   gfortran(Win64) Vers. 8.1 Mar 2016   24-Mar-2016 08:52:44    Page  002
 - - - - - - - - - - - - - - - - - - - - - - - - - - - - - - - - - - - - - -
 


  INPUT --- proc estimate link=Logit NOLOOP varest=2ndPart    ;


  INPUT --- model={ p(~time + sex)c() };

  INPUT ---    group=1 p    rows=1 cols=6 Square ;
  INPUT ---        1 2 3 4 5 6 ;

  INPUT ---    group=1 c    rows=1 cols=5 Square ;
  INPUT ---        2 3 4 5 6 ;

  INPUT ---    design matrix constraints=6 covariates=7;
  INPUT ---        1 0 0 0 0 0 sex;
  INPUT ---        1 1 0 0 0 0 sex;
  INPUT ---        1 0 1 0 0 0 sex;
  INPUT ---        1 0 0 1 0 0 sex;
  INPUT ---        1 0 0 0 1 0 sex;
  INPUT ---        1 0 0 0 0 1 sex;

  INPUT ---    blabel(1)=p:(Intercept);

  INPUT ---    blabel(2)=p:time2;

  INPUT ---    blabel(3)=p:time3;

  INPUT ---    blabel(4)=p:time4;

  INPUT ---    blabel(5)=p:time5;

  INPUT ---    blabel(6)=p:time6;

  INPUT ---    blabel(7)=p:sex;

  INPUT ---    rlabel(1)=p g1 t1;

  INPUT ---    rlabel(2)=p g1 t2;

  INPUT ---    rlabel(3)=p g1 t3;

  INPUT ---    rlabel(4)=p g1 t4;

  INPUT ---    rlabel(5)=p g1 t5;

  INPUT ---    rlabel(6)=p g1 t6;

  Program  MARK  - Survival Rate Estimation with Capture-Recapture Data
   gfortran(Win64) Vers. 8.1 Mar 2016   24-Mar-2016 08:52:44    Page  003
 - - - - - - - - - - - - - - - - - - - - - - - - - - - - - - - - - - - - - -
 

 Link Function Used is LOGIT        

 Variance Estimation Procedure Used is 2ndPart 

 M(t+1):
      38


 -2logL(saturated) = -0.0000000    
 Effective Sample Size = 228

 Number of function evaluations was 16 for 7 parameters.
 Time for numerical optimization was 0.02 seconds.
 -2logL { p(~time + sex)c() } = 306.70389     
 Penalty { p(~time + sex)c() } = -0.0000000    
 Gradient { p(~time + sex)c() }:
   0.000000     0.3041124E-05 0.3219580E-05 0.2735571E-05 0.2880923E-05
  0.3650494E-05  0.000000    
 S Vector { p(~time + sex)c() }:
   79.66552      9.647955      9.612875      9.544476      9.491772    
   8.471718      1.220922    
 Time to compute number of parameters was 0.01 seconds.
   Threshold =  0.1600000E-06     Condition index =  0.1532560E-01     New Threshold =   3.230255    
 New Guessimate of Estimated Parameters { p(~time + sex)c() } = 1          
 Conditioned S Vector { p(~time + sex)c() }:
   1.000000     0.1211058     0.1206654     0.1198069     0.1191453    
  0.1063411     0.1532560E-01
 Number of Estimated Parameters { p(~time + sex)c() } = 7          
 DEVIANCE { p(~time + sex)c() } = 306.70389                     
 DEVIANCE Degrees of Freedom { p(~time + sex)c() } = 31            
 c-hat { p(~time + sex)c() } = 9.8936738                     
 AIC { p(~time + sex)c() } = 320.70389                  
 AICc { p(~time + sex)c() } = 321.21298                    
 BIC { p(~time + sex)c() } = 344.70931                    
 Pearson Chisquare { p(~time + sex)c() } = 2319.7190                  


                    LOGIT Link Function Parameters of { p(~time + sex)c() }
                                                              95% Confidence Interval
 Parameter                    Beta         Standard Error      Lower           Upper
 -------------------------  --------------  --------------  --------------  --------------
    1:p:(Intercept)         -0.6375967      0.3913962       -1.4047332      0.1295399     
    2:p:time2               0.8691580       0.4744003       -0.0606666      1.7989826     
    3:p:time3               0.7655541       0.4742541       -0.1639839      1.6950921     
    4:p:time4               1.0779361       0.4765414       0.1439150       2.0119571     
    5:p:time5               0.9730978       0.4751541       0.0417957       1.9043998     
    6:p:time6               0.5571430       0.4757760       -0.3753779      1.4896640     
    7:p:sex                 -0.2647003      0.2916494       -0.8363332      0.3069325     


                    Real Function Parameters of { p(~time + sex)c() }

  Program  MARK  - Survival Rate Estimation with Capture-Recapture Data
   gfortran(Win64) Vers. 8.1 Mar 2016   24-Mar-2016 08:52:44    Page  004
 - - - - - - - - - - - - - - - - - - - - - - - - - - - - - - - - - - - - - -
 

      Following estimates based on unstandardized individual covariate values:
          Variable   Value         
          ---------  ------------- 
          SEX        0.6315789     
                                                               95% Confidence Interval
  Parameter                  Estimate       Standard Error      Lower           Upper
 --------------------------  --------------  --------------  --------------  --------------
     1:p g1 t1               0.3090049       0.0746938       0.1838584       0.4702528                           
     2:p g1 t2               0.5160900       0.0813667       0.3602696       0.6688434                           
     3:p g1 t3               0.4901958       0.0813032       0.3369570       0.6452995                           
     4:p g1 t4               0.5678686       0.0808605       0.4078923       0.7148395                           
     5:p g1 t5               0.5419814       0.0812194       0.3839161       0.6920249                           
     6:p g1 t6               0.4384062       0.0805402       0.2913580       0.5971327                           


                     Estimates of Derived Parameters
              Population Estimates of { p(~time + sex)c() }
                                                95% Confidence Interval
     Group     N-hat        Standard Error      Lower           Upper
 ---------  --------------  --------------  --------------  --------------
       1    38.775275       0.9504120       38.118615       43.067240     

     CPU Time in seconds for last procedure was 0.02

  Program  MARK  - Survival Rate Estimation with Capture-Recapture Data
   gfortran(Win64) Vers. 8.1 Mar 2016   24-Mar-2016 08:52:44    Page  005
 - - - - - - - - - - - - - - - - - - - - - - - - - - - - - - - - - - - - - -
 


  INPUT --- proc stop;

     CPU Time in minutes for this job was 0.00

     Time Start = 08:52:44.399   Time End = 08:52:44.414

     Wall Clock Time in minutes for this job was 0.00


          E X E C U T I O N   S U C C E S S F U L 
