
   Program  MARK  - Survival Rate Estimation with Capture-Recapture Data
   gfortran(Win64) Vers. 8.1 Mar 2016   24-Mar-2016 10:40:16    Page  001
 - - - - - - - - - - - - - - - - - - - - - - - - - - - - - - - - - - - - - -
 
   This version was compiled by GCC version 5.3.0 using the options 
   -m64 -mtune=generic -march=x86-64 -mthreads -O2 -fimplicit-none -fbounds-check -funroll-loops -ftree-vectorize -fopenmp.
   This problem will use 7 of 8 possible threads.


  INPUT --- proc title ;

     CPU Time in seconds for last procedure was 0.02


  INPUT --- proc chmatrix occasions= 6 groups= 1 etype= Huggins ICMeans 
  INPUT --- NoHist hist= 24 ;

  INPUT ---    time  interval 1 1 1 1 1 ;

  INPUT ---    glabel(1)=Group 1;

      Number of unique encounter histories read was 24.

      Number of individual covariates read was 0.
      Time interval lengths are all equal to 1.

      Data type number is 12
      Data type is Huggins' p and c                                                                                    

     CPU Time in seconds for last procedure was 0.00

  Program  MARK  - Survival Rate Estimation with Capture-Recapture Data
   gfortran(Win64) Vers. 8.1 Mar 2016   24-Mar-2016 10:40:16    Page  002
 - - - - - - - - - - - - - - - - - - - - - - - - - - - - - - - - - - - - - -
 


  INPUT --- proc estimate link=Logit NOLOOP varest=2ndPart    ;


  INPUT --- model={ p(~c + time)c() };

  INPUT ---    group=1 p    rows=1 cols=6 Square ;
  INPUT ---        1 2 3 4 5 6 ;

  INPUT ---    group=1 c    rows=1 cols=5 Square ;
  INPUT ---        7 8 9 10 11 ;

  INPUT ---    design matrix constraints=11 covariates=7;
  INPUT ---        1 0 0 0 0 0 0;
  INPUT ---        1 0 1 0 0 0 0;
  INPUT ---        1 0 0 1 0 0 0;
  INPUT ---        1 0 0 0 1 0 0;
  INPUT ---        1 0 0 0 0 1 0;
  INPUT ---        1 0 0 0 0 0 1;
  INPUT ---        1 1 1 0 0 0 0;
  INPUT ---        1 1 0 1 0 0 0;
  INPUT ---        1 1 0 0 1 0 0;
  INPUT ---        1 1 0 0 0 1 0;
  INPUT ---        1 1 0 0 0 0 1;

  INPUT ---    blabel(1)=p:(Intercept);

  INPUT ---    blabel(2)=p:c;

  INPUT ---    blabel(3)=p:time2;

  INPUT ---    blabel(4)=p:time3;

  INPUT ---    blabel(5)=p:time4;

  INPUT ---    blabel(6)=p:time5;

  INPUT ---    blabel(7)=p:time6;

  INPUT ---    rlabel(1)=p g1 t1;

  INPUT ---    rlabel(2)=p g1 t2;

  INPUT ---    rlabel(3)=p g1 t3;


  Program  MARK  - Survival Rate Estimation with Capture-Recapture Data
   gfortran(Win64) Vers. 8.1 Mar 2016   24-Mar-2016 10:40:16    Page  003
 - - - - - - - - - - - - - - - - - - - - - - - - - - - - - - - - - - - - - -
 
  INPUT ---    rlabel(4)=p g1 t4;

  INPUT ---    rlabel(5)=p g1 t5;

  INPUT ---    rlabel(6)=p g1 t6;

  INPUT ---    rlabel(7)=c g1 t2;

  INPUT ---    rlabel(8)=c g1 t3;

  INPUT ---    rlabel(9)=c g1 t4;

  INPUT ---    rlabel(10)=c g1 t5;

  INPUT ---    rlabel(11)=c g1 t6;

 Link Function Used is LOGIT        

 Variance Estimation Procedure Used is 2ndPart 

 M(t+1):
      40


 -2logL(saturated) = 17.327020     
 Effective Sample Size = 240

 Number of function evaluations was 16 for 7 parameters.
 Time for numerical optimization was 0.01 seconds.
 -2logL { p(~c + time)c() } = 312.72707     
 Penalty { p(~c + time)c() } = -0.0000000    
 Gradient { p(~c + time)c() }:
 -0.7870768E-05-0.7066991E-05  0.000000    -0.1082941E-04 0.3939962E-05
   0.000000      0.000000    
 S Vector { p(~c + time)c() }:
   74.35258      11.12979      11.07736      10.58564      10.10810    
   2.240008     0.3620668    
 Time to compute number of parameters was 0.03 seconds.
   Threshold =  0.1600000E-06     Condition index =  0.4869593E-02     New Threshold =  0.9579388    
 New Guessimate of Estimated Parameters { p(~c + time)c() } = 1          
 Conditioned S Vector { p(~c + time)c() }:
   1.000000     0.1496893     0.1489842     0.1423709     0.1359482    
  0.3012684E-01 0.4869593E-02
 Number of Estimated Parameters { p(~c + time)c() } = 7          
 DEVIANCE { p(~c + time)c() } = 295.40005                     
 DEVIANCE Degrees of Freedom { p(~c + time)c() } = 17            
 c-hat { p(~c + time)c() } = 17.376474                     
 AIC { p(~c + time)c() } = 326.72707                  
 AICc { p(~c + time)c() } = 327.20983                    
 BIC { p(~c + time)c() } = 351.09155                    
 Pearson Chisquare { p(~c + time)c() } = 121.48033                  
 Possible Encounter Histories { p(~c + time)c() } = 63             
 Pearson Chisquare df { p(~c + time)c() } = 55        
 Pearson chat { p(~c + time)c() } = 2.2087332                  
 Sum(Observed/Expected) { p(~c + time)c() } = 63.355205                  
 Fletcher chat { p(~c + time)c() } = 2.1963498                  


                     LOGIT Link Function Parameters of { p(~c + time)c() }
                                                              95% Confidence Interval
 Parameter                    Beta         Standard Error      Lower           Upper
 -------------------------  --------------  --------------  --------------  --------------
    1:p:(Intercept)         -1.1666279      0.5100872       -2.1663989      -0.1668569    

  Program  MARK  - Survival Rate Estimation with Capture-Recapture Data
   gfortran(Win64) Vers. 8.1 Mar 2016   24-Mar-2016 10:40:16    Page  004
 - - - - - - - - - - - - - - - - - - - - - - - - - - - - - - - - - - - - - -
 
    2:p:c                   1.4130534       0.9594150       -0.4674000      3.2935068     
    3:p:time2               -0.0905891      0.5278592       -1.1251933      0.9440150     
    4:p:time3               0.0497969       0.6082318       -1.1423373      1.2419312     
    5:p:time4               0.4427402       0.7319260       -0.9918349      1.8773153     
    6:p:time5               -0.3216623      0.7794096       -1.8493052      1.2059805     
    7:p:time6               -0.5543093      0.7892251       -2.1011906      0.9925719     


                     Real Function Parameters of { p(~c + time)c() }
                                                               95% Confidence Interval
  Parameter                  Estimate       Standard Error      Lower           Upper
 --------------------------  --------------  --------------  --------------  --------------
     1:p g1 t1               0.2374651       0.0923643       0.1028087       0.4583823                           
     2:p g1 t2               0.2214533       0.1224907       0.0660071       0.5337669                           
     3:p g1 t3               0.2465996       0.1563451       0.0591773       0.6300786                           
     4:p g1 t4               0.3265375       0.2208219       0.0634465       0.7763000                           
     5:p g1 t5               0.1841785       0.1580970       0.0279074       0.6396811                           
     6:p g1 t6               0.1517505       0.1366039       0.0218610       0.5888159                           
     7:c g1 t2               0.5388804       0.1188999       0.3138870       0.7490745                           
     8:c g1 t3               0.5735188       0.0918853       0.3917226       0.7374046                           
     9:c g1 t4               0.6657813       0.0735098       0.5104151       0.7919409                           
    10:c g1 t5               0.4811997       0.0781158       0.3343598       0.6313605                           
    11:c g1 t6               0.4236314       0.0769628       0.2838010       0.5768650                           


                     Estimates of Derived Parameters
               Population Estimates of { p(~c + time)c() }
                                                95% Confidence Interval
     Group     N-hat        Standard Error      Lower           Upper
 ---------  --------------  --------------  --------------  --------------
       1    50.533780       14.968970       41.342067       122.67882     

     CPU Time in seconds for last procedure was 0.03

  Program  MARK  - Survival Rate Estimation with Capture-Recapture Data
   gfortran(Win64) Vers. 8.1 Mar 2016   24-Mar-2016 10:40:16    Page  005
 - - - - - - - - - - - - - - - - - - - - - - - - - - - - - - - - - - - - - -
 


  INPUT --- proc stop;

     CPU Time in minutes for this job was 0.00

     Time Start = 10:40:16.625   Time End = 10:40:16.656

     Wall Clock Time in minutes for this job was 0.00


          E X E C U T I O N   S U C C E S S F U L 
