
   Program  MARK  - Survival Rate Estimation with Capture-Recapture Data
   gfortran(Win64) Vers. 8.1 Mar 2016   24-Mar-2016 08:52:45    Page  001
 - - - - - - - - - - - - - - - - - - - - - - - - - - - - - - - - - - - - - -
 
   This version was compiled by GCC version 5.3.0 using the options 
   -m64 -mtune=generic -march=x86-64 -mthreads -O2 -fimplicit-none -fbounds-check -funroll-loops -ftree-vectorize -fopenmp.
   This problem will use 1 of 2 possible threads.


  INPUT --- proc title ;

     CPU Time in seconds for last procedure was 0.02


  INPUT --- proc chmatrix occasions= 6 groups= 1 etype= Huggins ICMeans 
  INPUT --- NoHist hist= 25 ;

  INPUT ---    time  interval 1 1 1 1 1 ;

  INPUT ---    glabel(1)=Group 1;

      Number of unique encounter histories read was 25.

      Number of individual covariates read was 0.
      Time interval lengths are all equal to 1.

      Data type number is 12
      Data type is Huggins' p and c                                                                                    

     CPU Time in seconds for last procedure was 0.00

  Program  MARK  - Survival Rate Estimation with Capture-Recapture Data
   gfortran(Win64) Vers. 8.1 Mar 2016   24-Mar-2016 08:52:45    Page  002
 - - - - - - - - - - - - - - - - - - - - - - - - - - - - - - - - - - - - - -
 


  INPUT --- proc estimate link=Logit NOLOOP varest=2ndPart    ;


  INPUT --- model={ p(~c)c() };

  INPUT ---    group=1 p    rows=1 cols=6 Square ;
  INPUT ---        1 1 1 1 1 1 ;

  INPUT ---    group=1 c    rows=1 cols=5 Square ;
  INPUT ---        2 2 2 2 2 ;

  INPUT ---    design matrix constraints=2 covariates=2;
  INPUT ---        1 0;
  INPUT ---        1 1;

  INPUT ---    blabel(1)=p:(Intercept);

  INPUT ---    blabel(2)=p:c;

  INPUT ---    rlabel(1)=p g1 t1;

  INPUT ---    rlabel(2)=c g1 t2;

 Link Function Used is LOGIT        

 Variance Estimation Procedure Used is 2ndPart 

 M(t+1):
      38


 -2logL(saturated) = 24.468449     
 Effective Sample Size = 228

 Number of function evaluations was 8 for 2 parameters.
 Time for numerical optimization was 0.01 seconds.
 -2logL { p(~c)c() } = 307.35418     
 Penalty { p(~c)c() } = -0.0000000    
 Gradient { p(~c)c() }:
 -0.9873822E-05-0.3006921E-05
 S Vector { p(~c)c() }:
   71.85838      4.203838    
 Time to compute number of parameters was 0.01 seconds.
   Threshold =  0.6000000E-07     Condition index =  0.5850170E-01     New Threshold =   5.945125    
 New Guessimate of Estimated Parameters { p(~c)c() } = 1          
 Conditioned S Vector { p(~c)c() }:
   1.000000     0.5850170E-01
 Number of Estimated Parameters { p(~c)c() } = 2          
 DEVIANCE { p(~c)c() } = 282.88573                     
 DEVIANCE Degrees of Freedom { p(~c)c() } = 23            
 c-hat { p(~c)c() } = 12.299380                     
 AIC { p(~c)c() } = 311.35418                  
 AICc { p(~c)c() } = 311.40751                    
 BIC { p(~c)c() } = 318.21287                    
 Pearson Chisquare { p(~c)c() } = 117.69478                  
 Possible Encounter Histories { p(~c)c() } = 63             
 Pearson Chisquare df { p(~c)c() } = 60        
 Pearson chat { p(~c)c() } = 1.9615797                  
 Sum(Observed/Expected) { p(~c)c() } = 62.752678                  
 Fletcher chat { p(~c)c() } = 1.9693107                  

  Program  MARK  - Survival Rate Estimation with Capture-Recapture Data
   gfortran(Win64) Vers. 8.1 Mar 2016   24-Mar-2016 08:52:45    Page  003
 - - - - - - - - - - - - - - - - - - - - - - - - - - - - - - - - - - - - - -
 


                         LOGIT Link Function Parameters of { p(~c)c() }
                                                              95% Confidence Interval
 Parameter                    Beta         Standard Error      Lower           Upper
 -------------------------  --------------  --------------  --------------  --------------
    1:p:(Intercept)         -0.7270947      0.3331415       -1.3800520      -0.0741374    
    2:p:c                   0.8904196       0.3752478       0.1549340       1.6259053     


                         Real Function Parameters of { p(~c)c() }
                                                               95% Confidence Interval
  Parameter                  Estimate       Standard Error      Lower           Upper
 --------------------------  --------------  --------------  --------------  --------------
     1:p g1 t1               0.3258326       0.0731798       0.2010007       0.4814741                           
     2:c g1 t2               0.5407407       0.0428901       0.4563165       0.6228894                           


                     Estimates of Derived Parameters
                   Population Estimates of { p(~c)c() }
                                                95% Confidence Interval
     Group     N-hat        Standard Error      Lower           Upper
 ---------  --------------  --------------  --------------  --------------
       1    41.937385       3.5149339       38.878117       55.654826     

     CPU Time in seconds for last procedure was 0.00

  Program  MARK  - Survival Rate Estimation with Capture-Recapture Data
   gfortran(Win64) Vers. 8.1 Mar 2016   24-Mar-2016 08:52:45    Page  004
 - - - - - - - - - - - - - - - - - - - - - - - - - - - - - - - - - - - - - -
 


  INPUT --- proc stop;

     CPU Time in minutes for this job was 0.00

     Time Start = 08:52:45.474   Time End = 08:52:45.490

     Wall Clock Time in minutes for this job was 0.00


          E X E C U T I O N   S U C C E S S F U L 
