
   Program  MARK  - Survival Rate Estimation with Capture-Recapture Data
   gfortran(Win64) Vers. 8.1 Mar 2016   24-Mar-2016 08:52:39    Page  001
 - - - - - - - - - - - - - - - - - - - - - - - - - - - - - - - - - - - - - -
 
   This version was compiled by GCC version 5.3.0 using the options 
   -m64 -mtune=generic -march=x86-64 -mthreads -O2 -fimplicit-none -fbounds-check -funroll-loops -ftree-vectorize -fopenmp.
   This problem will use 1 of 2 possible threads.


  INPUT --- proc title ;

     CPU Time in seconds for last procedure was 0.00


  INPUT --- proc chmatrix occasions= 6 groups= 1 etype= Huggins ICMeans 
  INPUT --- NoHist hist= 19 ;

  INPUT ---    time  interval 1 1 1 1 1 ;

  INPUT ---    glabel(1)=Group 1;

      Number of unique encounter histories read was 19.

      Number of individual covariates read was 0.
      Time interval lengths are all equal to 1.

      Data type number is 12
      Data type is Huggins' p and c                                                                                    

     CPU Time in seconds for last procedure was 0.00

  Program  MARK  - Survival Rate Estimation with Capture-Recapture Data
   gfortran(Win64) Vers. 8.1 Mar 2016   24-Mar-2016 08:52:39    Page  002
 - - - - - - - - - - - - - - - - - - - - - - - - - - - - - - - - - - - - - -
 


  INPUT --- proc estimate link=Logit NOLOOP varest=2ndPart    ;


  INPUT --- model={ p(~time)c() };

  INPUT ---    group=1 p    rows=1 cols=6 Square ;
  INPUT ---        1 2 3 4 5 6 ;

  INPUT ---    group=1 c    rows=1 cols=5 Square ;
  INPUT ---        2 3 4 5 6 ;

  INPUT ---    design matrix constraints=6 covariates=6;
  INPUT ---        1 0 0 0 0 0;
  INPUT ---        1 1 0 0 0 0;
  INPUT ---        1 0 1 0 0 0;
  INPUT ---        1 0 0 1 0 0;
  INPUT ---        1 0 0 0 1 0;
  INPUT ---        1 0 0 0 0 1;

  INPUT ---    blabel(1)=p:(Intercept);

  INPUT ---    blabel(2)=p:time2;

  INPUT ---    blabel(3)=p:time3;

  INPUT ---    blabel(4)=p:time4;

  INPUT ---    blabel(5)=p:time5;

  INPUT ---    blabel(6)=p:time6;

  INPUT ---    rlabel(1)=p g1 t1;

  INPUT ---    rlabel(2)=p g1 t2;

  INPUT ---    rlabel(3)=p g1 t3;

  INPUT ---    rlabel(4)=p g1 t4;

  INPUT ---    rlabel(5)=p g1 t5;

  INPUT ---    rlabel(6)=p g1 t6;

 Link Function Used is LOGIT        

  Program  MARK  - Survival Rate Estimation with Capture-Recapture Data
   gfortran(Win64) Vers. 8.1 Mar 2016   24-Mar-2016 08:52:39    Page  003
 - - - - - - - - - - - - - - - - - - - - - - - - - - - - - - - - - - - - - -
 

 Variance Estimation Procedure Used is 2ndPart 

 M(t+1):
      40


 -2logL(saturated) = -3.3560544    
 Effective Sample Size = 240

 Number of function evaluations was 13 for 6 parameters.
 Time for numerical optimization was 0.01 seconds.
 -2logL { p(~time)c() } = 321.25216     
 Penalty { p(~time)c() } = -0.0000000    
 Gradient { p(~time)c() }:
 -0.6473950E-05-0.3728460E-05  0.000000      0.000000      0.000000    
 -0.3500803E-05
 S Vector { p(~time)c() }:
   60.34852      10.12770      10.07597      10.00732      9.491089    
   1.308203    
 Time to compute number of parameters was 0.01 seconds.
   Threshold =  0.1400000E-06     Condition index =  0.2167747E-01     New Threshold =   3.204430    
 New Guessimate of Estimated Parameters { p(~time)c() } = 1          
 Conditioned S Vector { p(~time)c() }:
   1.000000     0.1678202     0.1669631     0.1658254     0.1572713    
  0.2167747E-01
 Number of Estimated Parameters { p(~time)c() } = 6          
 DEVIANCE { p(~time)c() } = 324.60821                     
 DEVIANCE Degrees of Freedom { p(~time)c() } = 13            
 c-hat { p(~time)c() } = 24.969863                     
 AIC { p(~time)c() } = 333.25216                  
 AICc { p(~time)c() } = 333.61268                    
 BIC { p(~time)c() } = 354.13599                    
 Pearson Chisquare { p(~time)c() } = 174.34355                  
 Possible Encounter Histories { p(~time)c() } = 63             
 Pearson Chisquare df { p(~time)c() } = 56        
 Pearson chat { p(~time)c() } = 3.1132777                  
 Sum(Observed/Expected) { p(~time)c() } = 61.798255                  
 Fletcher chat { p(~time)c() } = 3.1738193                  


                       LOGIT Link Function Parameters of { p(~time)c() }
                                                              95% Confidence Interval
 Parameter                    Beta         Standard Error      Lower           Upper
 -------------------------  --------------  --------------  --------------  --------------
    1:p:(Intercept)         -0.7560660      0.3377273       -1.4180114      -0.0941205    
    2:p:time2               0.5245819       0.4612157       -0.3794009      1.4285647     
    3:p:time3               0.6237253       0.4602790       -0.2784215      1.5258720     
    4:p:time4               1.3271013       0.4694475       0.4069843       2.2472184     
    5:p:time5               1.0186484       0.4619284       0.1132687       1.9240282     
    6:p:time6               0.6237252       0.4602788       -0.2784212      1.5258717     


                       Real Function Parameters of { p(~time)c() }
                                                               95% Confidence Interval
  Parameter                  Estimate       Standard Error      Lower           Upper
 --------------------------  --------------  --------------  --------------  --------------
     1:p g1 t1               0.3195010       0.0734287       0.1949735       0.4764872                           
     2:p g1 t2               0.4423860       0.0784547       0.2984174       0.5967346                           
     3:p g1 t3               0.4669630       0.0788699       0.3200827       0.6198026                           
     4:p g1 t4               0.6390020       0.0765657       0.4801307       0.7723432                           
     5:p g1 t5               0.5652710       0.0786799       0.4097590       0.7089163                           
     6:p g1 t6               0.4669630       0.0788699       0.3200827       0.6198026                           

  Program  MARK  - Survival Rate Estimation with Capture-Recapture Data
   gfortran(Win64) Vers. 8.1 Mar 2016   24-Mar-2016 08:52:39    Page  004
 - - - - - - - - - - - - - - - - - - - - - - - - - - - - - - - - - - - - - -
 


                     Estimates of Derived Parameters
                 Population Estimates of { p(~time)c() }
                                                95% Confidence Interval
     Group     N-hat        Standard Error      Lower           Upper
 ---------  --------------  --------------  --------------  --------------
       1    40.688447       0.8844333       40.099423       44.767112     

     CPU Time in seconds for last procedure was 0.00


  INPUT --- proc stop;

     CPU Time in minutes for this job was 0.00

     Time Start = 08:52:39.757   Time End = 08:52:39.772

     Wall Clock Time in minutes for this job was 0.00


          E X E C U T I O N   S U C C E S S F U L 
