
   Program  MARK  - Survival Rate Estimation with Capture-Recapture Data
   gfortran(Win64) Vers. 8.1 Mar 2016   24-Mar-2016 08:52:42    Page  001
 - - - - - - - - - - - - - - - - - - - - - - - - - - - - - - - - - - - - - -
 
   This version was compiled by GCC version 5.3.0 using the options 
   -m64 -mtune=generic -march=x86-64 -mthreads -O2 -fimplicit-none -fbounds-check -funroll-loops -ftree-vectorize -fopenmp.
   This problem will use 1 of 2 possible threads.


  INPUT --- proc title ;

     CPU Time in seconds for last procedure was 0.00


  INPUT --- proc chmatrix occasions= 6 groups= 1 etype= Huggins ICMeans 
  INPUT --- NoHist hist= 19 ;

  INPUT ---    time  interval 1 1 1 1 1 ;

  INPUT ---    glabel(1)=Group 1;

      Number of unique encounter histories read was 19.

      Number of individual covariates read was 0.
      Time interval lengths are all equal to 1.

      Data type number is 12
      Data type is Huggins' p and c                                                                                    

     CPU Time in seconds for last procedure was 0.00

  Program  MARK  - Survival Rate Estimation with Capture-Recapture Data
   gfortran(Win64) Vers. 8.1 Mar 2016   24-Mar-2016 08:52:42    Page  002
 - - - - - - - - - - - - - - - - - - - - - - - - - - - - - - - - - - - - - -
 


  INPUT --- proc estimate link=Logit NOLOOP varest=2ndPart    ;


  INPUT --- model={ p(~c + time)c() };

  INPUT ---    group=1 p    rows=1 cols=6 Square ;
  INPUT ---        1 2 3 4 5 6 ;

  INPUT ---    group=1 c    rows=1 cols=5 Square ;
  INPUT ---        7 8 9 10 11 ;

  INPUT ---    design matrix constraints=11 covariates=7;
  INPUT ---        1 0 0 0 0 0 0;
  INPUT ---        1 0 1 0 0 0 0;
  INPUT ---        1 0 0 1 0 0 0;
  INPUT ---        1 0 0 0 1 0 0;
  INPUT ---        1 0 0 0 0 1 0;
  INPUT ---        1 0 0 0 0 0 1;
  INPUT ---        1 1 1 0 0 0 0;
  INPUT ---        1 1 0 1 0 0 0;
  INPUT ---        1 1 0 0 1 0 0;
  INPUT ---        1 1 0 0 0 1 0;
  INPUT ---        1 1 0 0 0 0 1;

  INPUT ---    blabel(1)=p:(Intercept);

  INPUT ---    blabel(2)=p:c;

  INPUT ---    blabel(3)=p:time2;

  INPUT ---    blabel(4)=p:time3;

  INPUT ---    blabel(5)=p:time4;

  INPUT ---    blabel(6)=p:time5;

  INPUT ---    blabel(7)=p:time6;

  INPUT ---    rlabel(1)=p g1 t1;

  INPUT ---    rlabel(2)=p g1 t2;

  INPUT ---    rlabel(3)=p g1 t3;


  Program  MARK  - Survival Rate Estimation with Capture-Recapture Data
   gfortran(Win64) Vers. 8.1 Mar 2016   24-Mar-2016 08:52:42    Page  003
 - - - - - - - - - - - - - - - - - - - - - - - - - - - - - - - - - - - - - -
 
  INPUT ---    rlabel(4)=p g1 t4;

  INPUT ---    rlabel(5)=p g1 t5;

  INPUT ---    rlabel(6)=p g1 t6;

  INPUT ---    rlabel(7)=c g1 t2;

  INPUT ---    rlabel(8)=c g1 t3;

  INPUT ---    rlabel(9)=c g1 t4;

  INPUT ---    rlabel(10)=c g1 t5;

  INPUT ---    rlabel(11)=c g1 t6;

 Link Function Used is LOGIT        

 Variance Estimation Procedure Used is 2ndPart 

 M(t+1):
      41


 -2logL(saturated) = -3.9247769    
 Effective Sample Size = 246

 Number of function evaluations was 16 for 7 parameters.
 Time for numerical optimization was 0.02 seconds.
 -2logL { p(~c + time)c() } = 321.47379     
 Penalty { p(~c + time)c() } = -0.0000000    
 Gradient { p(~c + time)c() }:
 -0.2455196E-05-0.2272964E-05 0.3764232E-05-0.5368162E-05-0.4207080E-05
  0.1042323E-04  0.000000    
 S Vector { p(~c + time)c() }:
   76.98647      11.66467      11.40153      10.90603      10.75740    
   2.228368     0.3404008    
 Time to compute number of parameters was 0.01 seconds.
   Threshold =  0.1600000E-06     Condition index =  0.4421567E-02     New Threshold =  0.9006160    
 New Guessimate of Estimated Parameters { p(~c + time)c() } = 1          
 Conditioned S Vector { p(~c + time)c() }:
   1.000000     0.1515158     0.1480978     0.1416617     0.1397311    
  0.2894494E-01 0.4421567E-02
 Number of Estimated Parameters { p(~c + time)c() } = 7          
 DEVIANCE { p(~c + time)c() } = 325.39857                     
 DEVIANCE Degrees of Freedom { p(~c + time)c() } = 12            
 c-hat { p(~c + time)c() } = 27.116547                     
 AIC { p(~c + time)c() } = 335.47379                  
 AICc { p(~c + time)c() } = 335.94438                    
 BIC { p(~c + time)c() } = 360.01111                    
 Pearson Chisquare { p(~c + time)c() } = 139.53505                  
 Possible Encounter Histories { p(~c + time)c() } = 63             
 Pearson Chisquare df { p(~c + time)c() } = 55        
 Pearson chat { p(~c + time)c() } = 2.5370009                  
 Sum(Observed/Expected) { p(~c + time)c() } = 65.451848                  
 Fletcher chat { p(~c + time)c() } = 2.4419640                  


                     LOGIT Link Function Parameters of { p(~c + time)c() }
                                                              95% Confidence Interval
 Parameter                    Beta         Standard Error      Lower           Upper
 -------------------------  --------------  --------------  --------------  --------------
    1:p:(Intercept)         -1.3152293      0.5117223       -2.3182051      -0.3122535    

  Program  MARK  - Survival Rate Estimation with Capture-Recapture Data
   gfortran(Win64) Vers. 8.1 Mar 2016   24-Mar-2016 08:52:42    Page  004
 - - - - - - - - - - - - - - - - - - - - - - - - - - - - - - - - - - - - - -
 
    2:p:c                   1.5008501       0.9760963       -0.4122988      3.4139989     
    3:p:time2               0.5100933       0.5223919       -0.5137948      1.5339814     
    4:p:time3               0.0588991       0.6751928       -1.2644788      1.3822771     
    5:p:time4               0.3511371       0.7481949       -1.1153250      1.8175991     
    6:p:time5               -0.0907066      0.7937177       -1.6463934      1.4649802     
    7:p:time6               -0.4736069      0.7901668       -2.0223338      1.0751200     


                     Real Function Parameters of { p(~c + time)c() }
                                                               95% Confidence Interval
  Parameter                  Estimate       Standard Error      Lower           Upper
 --------------------------  --------------  --------------  --------------  --------------
     1:p g1 t1               0.2116131       0.0853722       0.0896264       0.4225648                           
     2:p g1 t2               0.3089280       0.1505879       0.1008662       0.6404610                           
     3:p g1 t3               0.2216063       0.1585238       0.0448922       0.6329514                           
     4:p g1 t4               0.2760596       0.2023534       0.0498010       0.7350608                           
     5:p g1 t5               0.1968759       0.1679065       0.0296757       0.6627180                           
     6:p g1 t6               0.1432155       0.1293087       0.0207483       0.5687249                           
     7:c g1 t2               0.6672369       0.1067923       0.4385617       0.8373212                           
     8:c g1 t3               0.5608272       0.0837931       0.3959696       0.7132716                           
     9:c g1 t4               0.6310579       0.0744531       0.4775109       0.7619741                           
    10:c g1 t5               0.5237107       0.0771190       0.3749447       0.6683850                           
    11:c g1 t6               0.4284970       0.0762185       0.2894586       0.5798220                           


                     Estimates of Derived Parameters
               Population Estimates of { p(~c + time)c() }
                                                95% Confidence Interval
     Group     N-hat        Standard Error      Lower           Upper
 ---------  --------------  --------------  --------------  --------------
       1    51.981701       15.688453       42.389913       127.76642     

     CPU Time in seconds for last procedure was 0.02

  Program  MARK  - Survival Rate Estimation with Capture-Recapture Data
   gfortran(Win64) Vers. 8.1 Mar 2016   24-Mar-2016 08:52:42    Page  005
 - - - - - - - - - - - - - - - - - - - - - - - - - - - - - - - - - - - - - -
 


  INPUT --- proc stop;

     CPU Time in minutes for this job was 0.00

     Time Start = 08:52:42.079   Time End = 08:52:42.094

     Wall Clock Time in minutes for this job was 0.00


          E X E C U T I O N   S U C C E S S F U L 
