
   Program  MARK  - Survival Rate Estimation with Capture-Recapture Data
   gfortran(Win64) Vers. 8.1 Mar 2016   24-Mar-2016 10:39:51    Page  001
 - - - - - - - - - - - - - - - - - - - - - - - - - - - - - - - - - - - - - -
 
   This version was compiled by GCC version 5.3.0 using the options 
   -m64 -mtune=generic -march=x86-64 -mthreads -O2 -fimplicit-none -fbounds-check -funroll-loops -ftree-vectorize -fopenmp.
   This problem will use 7 of 8 possible threads.


  INPUT --- proc title ;

     CPU Time in seconds for last procedure was 0.00


  INPUT --- proc chmatrix occasions= 6 groups= 1 etype= Huggins ICMeans 
  INPUT --- NoHist hist= 20 ;

  INPUT ---    time  interval 1 1 1 1 1 ;

  INPUT ---    glabel(1)=Group 1;

      Number of unique encounter histories read was 20.

      Number of individual covariates read was 0.
      Time interval lengths are all equal to 1.

      Data type number is 12
      Data type is Huggins' p and c                                                                                    

     CPU Time in seconds for last procedure was 0.00

  Program  MARK  - Survival Rate Estimation with Capture-Recapture Data
   gfortran(Win64) Vers. 8.1 Mar 2016   24-Mar-2016 10:39:51    Page  002
 - - - - - - - - - - - - - - - - - - - - - - - - - - - - - - - - - - - - - -
 


  INPUT --- proc estimate link=Logit NOLOOP varest=2ndPart    ;


  INPUT --- model={ p(~c + time)c() };

  INPUT ---    group=1 p    rows=1 cols=6 Square ;
  INPUT ---        1 2 3 4 5 6 ;

  INPUT ---    group=1 c    rows=1 cols=5 Square ;
  INPUT ---        7 8 9 10 11 ;

  INPUT ---    design matrix constraints=11 covariates=7;
  INPUT ---        1 0 0 0 0 0 0;
  INPUT ---        1 0 1 0 0 0 0;
  INPUT ---        1 0 0 1 0 0 0;
  INPUT ---        1 0 0 0 1 0 0;
  INPUT ---        1 0 0 0 0 1 0;
  INPUT ---        1 0 0 0 0 0 1;
  INPUT ---        1 1 1 0 0 0 0;
  INPUT ---        1 1 0 1 0 0 0;
  INPUT ---        1 1 0 0 1 0 0;
  INPUT ---        1 1 0 0 0 1 0;
  INPUT ---        1 1 0 0 0 0 1;

  INPUT ---    blabel(1)=p:(Intercept);

  INPUT ---    blabel(2)=p:c;

  INPUT ---    blabel(3)=p:time2;

  INPUT ---    blabel(4)=p:time3;

  INPUT ---    blabel(5)=p:time4;

  INPUT ---    blabel(6)=p:time5;

  INPUT ---    blabel(7)=p:time6;

  INPUT ---    rlabel(1)=p g1 t1;

  INPUT ---    rlabel(2)=p g1 t2;

  INPUT ---    rlabel(3)=p g1 t3;


  Program  MARK  - Survival Rate Estimation with Capture-Recapture Data
   gfortran(Win64) Vers. 8.1 Mar 2016   24-Mar-2016 10:39:51    Page  003
 - - - - - - - - - - - - - - - - - - - - - - - - - - - - - - - - - - - - - -
 
  INPUT ---    rlabel(4)=p g1 t4;

  INPUT ---    rlabel(5)=p g1 t5;

  INPUT ---    rlabel(6)=p g1 t6;

  INPUT ---    rlabel(7)=c g1 t2;

  INPUT ---    rlabel(8)=c g1 t3;

  INPUT ---    rlabel(9)=c g1 t4;

  INPUT ---    rlabel(10)=c g1 t5;

  INPUT ---    rlabel(11)=c g1 t6;

 Link Function Used is LOGIT        

 Variance Estimation Procedure Used is 2ndPart 

 M(t+1):
      39


 -2logL(saturated) = 7.3113508     
 Effective Sample Size = 234

 Number of function evaluations was 16 for 7 parameters.
 Time for numerical optimization was 0.06 seconds.
 -2logL { p(~c + time)c() } = 304.68309     
 Penalty { p(~c + time)c() } = -0.0000000    
 Gradient { p(~c + time)c() }:
  0.1448708E-04 0.1768823E-04  0.000000     0.5360336E-05 0.1114779E-04
   0.000000     0.6491664E-05
 S Vector { p(~c + time)c() }:
   71.65126      10.92328      10.88649      10.46210      10.11503    
   1.870129     0.2304792    
 Time to compute number of parameters was 0.01 seconds.
   Threshold =  0.1600000E-06     Condition index =  0.3216680E-02     New Threshold =  0.6097906    
 New Guessimate of Estimated Parameters { p(~c + time)c() } = 1          
 Conditioned S Vector { p(~c + time)c() }:
   1.000000     0.1524506     0.1519372     0.1460142     0.1411703    
  0.2610043E-01 0.3216680E-02
 Number of Estimated Parameters { p(~c + time)c() } = 7          
 DEVIANCE { p(~c + time)c() } = 297.37173                     
 DEVIANCE Degrees of Freedom { p(~c + time)c() } = 13            
 c-hat { p(~c + time)c() } = 22.874749                     
 AIC { p(~c + time)c() } = 318.68309                  
 AICc { p(~c + time)c() } = 319.17866                    
 BIC { p(~c + time)c() } = 342.87033                    
 Pearson Chisquare { p(~c + time)c() } = 140.30701                  
 Possible Encounter Histories { p(~c + time)c() } = 63             
 Pearson Chisquare df { p(~c + time)c() } = 55        
 Pearson chat { p(~c + time)c() } = 2.5510366                  
 Sum(Observed/Expected) { p(~c + time)c() } = 68.898269                  
 Fletcher chat { p(~c + time)c() } = 2.3326465                  


                     LOGIT Link Function Parameters of { p(~c + time)c() }
                                                              95% Confidence Interval
 Parameter                    Beta         Standard Error      Lower           Upper
 -------------------------  --------------  --------------  --------------  --------------
    1:p:(Intercept)         -1.3542398      0.6859359       -2.6986742      -0.0098053    

  Program  MARK  - Survival Rate Estimation with Capture-Recapture Data
   gfortran(Win64) Vers. 8.1 Mar 2016   24-Mar-2016 10:39:51    Page  004
 - - - - - - - - - - - - - - - - - - - - - - - - - - - - - - - - - - - - - -
 
    2:p:c                   1.8922661       1.2895528       -0.6352574      4.4197895     
    3:p:time2               0.3294441       0.5562117       -0.7607309      1.4196190     
    4:p:time3               0.0604450       0.7233163       -1.3572550      1.4781451     
    5:p:time4               0.0198150       0.8531362       -1.6523319      1.6919620     
    6:p:time5               -0.3147194      0.8859516       -2.0511845      1.4217457     
    7:p:time6               -0.7512743      0.8868778       -2.4895548      0.9870062     


                     Real Function Parameters of { p(~c + time)c() }
                                                               95% Confidence Interval
  Parameter                  Estimate       Standard Error      Lower           Upper
 --------------------------  --------------  --------------  --------------  --------------
     1:p g1 t1               0.2051781       0.1118625       0.0630516       0.4975487                           
     2:p g1 t2               0.2640943       0.1864789       0.0518857       0.7017907                           
     3:p g1 t3               0.2152112       0.2003529       0.0261132       0.7371609                           
     4:p g1 t4               0.2084284       0.2212112       0.0186631       0.7847422                           
     5:p g1 t5               0.1585630       0.1834276       0.0125727       0.7360736                           
     6:p g1 t6               0.1085620       0.1327025       0.0082184       0.6415493                           
     7:c g1 t2               0.7042191       0.1088583       0.4608654       0.8689606                           
     8:c g1 t3               0.6453065       0.0843016       0.4691838       0.7892422                           
     9:c g1 t4               0.6359529       0.0754857       0.4797077       0.7679722                           
    10:c g1 t5               0.5555959       0.0784796       0.4013903       0.6997882                           
    11:c g1 t6               0.4468891       0.0782926       0.3027859       0.6005052                           


                     Estimates of Derived Parameters
               Population Estimates of { p(~c + time)c() }
                                                95% Confidence Interval
     Group     N-hat        Standard Error      Lower           Upper
 ---------  --------------  --------------  --------------  --------------
       1    53.612003       25.429386       40.445106       186.74743     

     CPU Time in seconds for last procedure was 0.08

  Program  MARK  - Survival Rate Estimation with Capture-Recapture Data
   gfortran(Win64) Vers. 8.1 Mar 2016   24-Mar-2016 10:39:51    Page  005
 - - - - - - - - - - - - - - - - - - - - - - - - - - - - - - - - - - - - - -
 


  INPUT --- proc stop;

     CPU Time in minutes for this job was 0.00

     Time Start = 10:39:51.534   Time End = 10:39:51.565

     Wall Clock Time in minutes for this job was 0.00


          E X E C U T I O N   S U C C E S S F U L 
