
   Program  MARK  - Survival Rate Estimation with Capture-Recapture Data
   gfortran(Win64) Vers. 8.1 Mar 2016   24-Mar-2016 09:25:14    Page  001
 - - - - - - - - - - - - - - - - - - - - - - - - - - - - - - - - - - - - - -
 
   This version was compiled by GCC version 5.3.0 using the options 
   -m64 -mtune=generic -march=x86-64 -mthreads -O2 -fimplicit-none -fbounds-check -funroll-loops -ftree-vectorize -fopenmp.
   This problem will use 1 of 2 possible threads.


  INPUT --- proc title ;

     CPU Time in seconds for last procedure was 0.00


  INPUT --- proc chmatrix occasions= 6 groups= 1 etype= Huggins ICMeans 
  INPUT --- NoHist hist= 25 ;

  INPUT ---    time  interval 1 1 1 1 1 ;

  INPUT ---    glabel(1)=Group 1;

      Number of unique encounter histories read was 25.

      Number of individual covariates read was 0.
      Time interval lengths are all equal to 1.

      Data type number is 12
      Data type is Huggins' p and c                                                                                    

     CPU Time in seconds for last procedure was 0.02

  Program  MARK  - Survival Rate Estimation with Capture-Recapture Data
   gfortran(Win64) Vers. 8.1 Mar 2016   24-Mar-2016 09:25:14    Page  002
 - - - - - - - - - - - - - - - - - - - - - - - - - - - - - - - - - - - - - -
 


  INPUT --- proc estimate link=Logit NOLOOP varest=2ndPart    ;


  INPUT --- model={ p(~time)c() };

  INPUT ---    group=1 p    rows=1 cols=6 Square ;
  INPUT ---        1 2 3 4 5 6 ;

  INPUT ---    group=1 c    rows=1 cols=5 Square ;
  INPUT ---        2 3 4 5 6 ;

  INPUT ---    design matrix constraints=6 covariates=6;
  INPUT ---        1 0 0 0 0 0;
  INPUT ---        1 1 0 0 0 0;
  INPUT ---        1 0 1 0 0 0;
  INPUT ---        1 0 0 1 0 0;
  INPUT ---        1 0 0 0 1 0;
  INPUT ---        1 0 0 0 0 1;

  INPUT ---    blabel(1)=p:(Intercept);

  INPUT ---    blabel(2)=p:time2;

  INPUT ---    blabel(3)=p:time3;

  INPUT ---    blabel(4)=p:time4;

  INPUT ---    blabel(5)=p:time5;

  INPUT ---    blabel(6)=p:time6;

  INPUT ---    rlabel(1)=p g1 t1;

  INPUT ---    rlabel(2)=p g1 t2;

  INPUT ---    rlabel(3)=p g1 t3;

  INPUT ---    rlabel(4)=p g1 t4;

  INPUT ---    rlabel(5)=p g1 t5;

  INPUT ---    rlabel(6)=p g1 t6;

 Link Function Used is LOGIT        

  Program  MARK  - Survival Rate Estimation with Capture-Recapture Data
   gfortran(Win64) Vers. 8.1 Mar 2016   24-Mar-2016 09:25:14    Page  003
 - - - - - - - - - - - - - - - - - - - - - - - - - - - - - - - - - - - - - -
 

 Variance Estimation Procedure Used is 2ndPart 

 M(t+1):
      40


 -2logL(saturated) = 20.376495     
 Effective Sample Size = 240

 Number of function evaluations was 16 for 6 parameters.
 Time for numerical optimization was 0.01 seconds.
 -2logL { p(~time)c() } = 325.14909     
 Penalty { p(~time)c() } = -0.0000000    
 Gradient { p(~time)c() }:
  0.3437598E-05  0.000000     0.7524424E-05  0.000000      0.000000    
  0.3762213E-05
 S Vector { p(~time)c() }:
   60.17828      10.20916      10.17657      10.11017      9.949138    
   1.358902    
 Time to compute number of parameters was 0.01 seconds.
   Threshold =  0.1400000E-06     Condition index =  0.2258128E-01     New Threshold =   3.328618    
 New Guessimate of Estimated Parameters { p(~time)c() } = 1          
 Conditioned S Vector { p(~time)c() }:
   1.000000     0.1696487     0.1691070     0.1680036     0.1653277    
  0.2258128E-01
 Number of Estimated Parameters { p(~time)c() } = 6          
 DEVIANCE { p(~time)c() } = 304.77259                     
 DEVIANCE Degrees of Freedom { p(~time)c() } = 19            
 c-hat { p(~time)c() } = 16.040663                     
 AIC { p(~time)c() } = 337.14909                  
 AICc { p(~time)c() } = 337.50960                    
 BIC { p(~time)c() } = 358.03292                    
 Pearson Chisquare { p(~time)c() } = 137.82537                  
 Possible Encounter Histories { p(~time)c() } = 63             
 Pearson Chisquare df { p(~time)c() } = 56        
 Pearson chat { p(~time)c() } = 2.4611673                  
 Sum(Observed/Expected) { p(~time)c() } = 63.300565                  
 Fletcher chat { p(~time)c() } = 2.4494811                  


                       LOGIT Link Function Parameters of { p(~time)c() }
                                                              95% Confidence Interval
 Parameter                    Beta         Standard Error      Lower           Upper
 -------------------------  --------------  --------------  --------------  --------------
    1:p:(Intercept)         -0.6535796      0.3317476       -1.3038048      -0.0033543    
    2:p:time2               0.4122137       0.4558796       -0.4813103      1.3057377     
    3:p:time3               0.5109041       0.4548907       -0.3806817      1.4024900     
    4:p:time4               1.0035060       0.4581362       0.1055591       1.9014529     
    5:p:time5               0.6089046       0.4544453       -0.2818082      1.4996174     
    6:p:time6               0.5109040       0.4548906       -0.3806817      1.4024896     


                       Real Function Parameters of { p(~time)c() }
                                                               95% Confidence Interval
  Parameter                  Estimate       Standard Error      Lower           Upper
 --------------------------  --------------  --------------  --------------  --------------
     1:p g1 t1               0.3421833       0.0746744       0.2135254       0.4991614                           
     2:p g1 t2               0.4399498       0.0783939       0.2963023       0.5944125                           
     3:p g1 t3               0.4643915       0.0788469       0.3177814       0.6174256                           
     4:p g1 t4               0.5865997       0.0783987       0.4295401       0.7278181                           
     5:p g1 t5               0.4888331       0.0791178       0.3395573       0.6401276                           
     6:p g1 t6               0.4643915       0.0788469       0.3177814       0.6174255                           

  Program  MARK  - Survival Rate Estimation with Capture-Recapture Data
   gfortran(Win64) Vers. 8.1 Mar 2016   24-Mar-2016 09:25:14    Page  004
 - - - - - - - - - - - - - - - - - - - - - - - - - - - - - - - - - - - - - -
 


                     Estimates of Derived Parameters
                 Population Estimates of { p(~time)c() }
                                                95% Confidence Interval
     Group     N-hat        Standard Error      Lower           Upper
 ---------  --------------  --------------  --------------  --------------
       1    40.913755       1.0327456       40.154381       45.408351     

     CPU Time in seconds for last procedure was 0.00


  INPUT --- proc stop;

     CPU Time in minutes for this job was 0.00

     Time Start = 09:25:14.130   Time End = 09:25:14.146

     Wall Clock Time in minutes for this job was 0.00


          E X E C U T I O N   S U C C E S S F U L 
