
   Program  MARK  - Survival Rate Estimation with Capture-Recapture Data
   gfortran(Win64) Vers. 8.1 Mar 2016   24-Mar-2016 08:52:39    Page  001
 - - - - - - - - - - - - - - - - - - - - - - - - - - - - - - - - - - - - - -
 
   This version was compiled by GCC version 5.3.0 using the options 
   -m64 -mtune=generic -march=x86-64 -mthreads -O2 -fimplicit-none -fbounds-check -funroll-loops -ftree-vectorize -fopenmp.
   This problem will use 1 of 2 possible threads.


  INPUT --- proc title ;

     CPU Time in seconds for last procedure was 0.00


  INPUT --- proc chmatrix occasions= 6 groups= 1 etype= Huggins ICMeans 
  INPUT --- NoHist hist= 19 ;

  INPUT ---    time  interval 1 1 1 1 1 ;

  INPUT ---    glabel(1)=Group 1;

      Number of unique encounter histories read was 19.

      Number of individual covariates read was 0.
      Time interval lengths are all equal to 1.

      Data type number is 12
      Data type is Huggins' p and c                                                                                    

     CPU Time in seconds for last procedure was 0.00

  Program  MARK  - Survival Rate Estimation with Capture-Recapture Data
   gfortran(Win64) Vers. 8.1 Mar 2016   24-Mar-2016 08:52:39    Page  002
 - - - - - - - - - - - - - - - - - - - - - - - - - - - - - - - - - - - - - -
 


  INPUT --- proc estimate link=Logit NOLOOP varest=2ndPart    ;


  INPUT --- model={ p(~c + time)c() };

  INPUT ---    group=1 p    rows=1 cols=6 Square ;
  INPUT ---        1 2 3 4 5 6 ;

  INPUT ---    group=1 c    rows=1 cols=5 Square ;
  INPUT ---        7 8 9 10 11 ;

  INPUT ---    design matrix constraints=11 covariates=7;
  INPUT ---        1 0 0 0 0 0 0;
  INPUT ---        1 0 1 0 0 0 0;
  INPUT ---        1 0 0 1 0 0 0;
  INPUT ---        1 0 0 0 1 0 0;
  INPUT ---        1 0 0 0 0 1 0;
  INPUT ---        1 0 0 0 0 0 1;
  INPUT ---        1 1 1 0 0 0 0;
  INPUT ---        1 1 0 1 0 0 0;
  INPUT ---        1 1 0 0 1 0 0;
  INPUT ---        1 1 0 0 0 1 0;
  INPUT ---        1 1 0 0 0 0 1;

  INPUT ---    blabel(1)=p:(Intercept);

  INPUT ---    blabel(2)=p:c;

  INPUT ---    blabel(3)=p:time2;

  INPUT ---    blabel(4)=p:time3;

  INPUT ---    blabel(5)=p:time4;

  INPUT ---    blabel(6)=p:time5;

  INPUT ---    blabel(7)=p:time6;

  INPUT ---    rlabel(1)=p g1 t1;

  INPUT ---    rlabel(2)=p g1 t2;

  INPUT ---    rlabel(3)=p g1 t3;


  Program  MARK  - Survival Rate Estimation with Capture-Recapture Data
   gfortran(Win64) Vers. 8.1 Mar 2016   24-Mar-2016 08:52:39    Page  003
 - - - - - - - - - - - - - - - - - - - - - - - - - - - - - - - - - - - - - -
 
  INPUT ---    rlabel(4)=p g1 t4;

  INPUT ---    rlabel(5)=p g1 t5;

  INPUT ---    rlabel(6)=p g1 t6;

  INPUT ---    rlabel(7)=c g1 t2;

  INPUT ---    rlabel(8)=c g1 t3;

  INPUT ---    rlabel(9)=c g1 t4;

  INPUT ---    rlabel(10)=c g1 t5;

  INPUT ---    rlabel(11)=c g1 t6;

 Link Function Used is LOGIT        

 Variance Estimation Procedure Used is 2ndPart 

 M(t+1):
      40


 -2logL(saturated) = -3.3560544    
 Effective Sample Size = 240

 Number of function evaluations was 17 for 7 parameters.
 Time for numerical optimization was 0.01 seconds.
 -2logL { p(~c + time)c() } = 316.83080     
 Penalty { p(~c + time)c() } = -0.0000000    
 Gradient { p(~c + time)c() }:
 -0.2952775E-05  0.000000    -0.5011715E-05 0.5582605E-05  0.000000    
   0.000000      0.000000    
 S Vector { p(~c + time)c() }:
   78.38001      11.45730      10.73151      10.35792      10.20261    
   2.895502     0.4545989    
 Time to compute number of parameters was 0.01 seconds.
   Threshold =  0.1600000E-06     Condition index =  0.5799934E-02     New Threshold =   1.202756    
 New Guessimate of Estimated Parameters { p(~c + time)c() } = 1          
 Conditioned S Vector { p(~c + time)c() }:
   1.000000     0.1461764     0.1369164     0.1321501     0.1301686    
  0.3694185E-01 0.5799934E-02
 Number of Estimated Parameters { p(~c + time)c() } = 7          
 DEVIANCE { p(~c + time)c() } = 320.18685                     
 DEVIANCE Degrees of Freedom { p(~c + time)c() } = 12            
 c-hat { p(~c + time)c() } = 26.682238                     
 AIC { p(~c + time)c() } = 330.83080                  
 AICc { p(~c + time)c() } = 331.31356                    
 BIC { p(~c + time)c() } = 355.19527                    
 Pearson Chisquare { p(~c + time)c() } = 180.13737                  
 Possible Encounter Histories { p(~c + time)c() } = 63             
 Pearson Chisquare df { p(~c + time)c() } = 55        
 Pearson chat { p(~c + time)c() } = 3.2752249                  
 Sum(Observed/Expected) { p(~c + time)c() } = 65.501132                  
 Fletcher chat { p(~c + time)c() } = 3.1501619                  


                     LOGIT Link Function Parameters of { p(~c + time)c() }
                                                              95% Confidence Interval
 Parameter                    Beta         Standard Error      Lower           Upper
 -------------------------  --------------  --------------  --------------  --------------
    1:p:(Intercept)         -0.9250848      0.4002958       -1.7096645      -0.1405050    

  Program  MARK  - Survival Rate Estimation with Capture-Recapture Data
   gfortran(Win64) Vers. 8.1 Mar 2016   24-Mar-2016 08:52:39    Page  004
 - - - - - - - - - - - - - - - - - - - - - - - - - - - - - - - - - - - - - -
 
    2:p:c                   1.1870705       0.7586492       -0.2998820      2.6740229     
    3:p:time2               0.1342110       0.5107667       -0.8668917      1.1353138     
    4:p:time3               -0.0182238      0.5923157       -1.1791626      1.1427149     
    5:p:time4               0.4051190       0.7061837       -0.9790010      1.7892391     
    6:p:time5               -0.0113713      0.7395774       -1.4609429      1.4382004     
    7:p:time6               -0.4066088      0.7346493       -1.8465216      1.0333039     


                     Real Function Parameters of { p(~c + time)c() }
                                                               95% Confidence Interval
  Parameter                  Estimate       Standard Error      Lower           Upper
 --------------------------  --------------  --------------  --------------  --------------
     1:p g1 t1               0.2839230       0.0813844       0.1532072       0.4649314                           
     2:p g1 t2               0.3119811       0.1184115       0.1332975       0.5720854                           
     3:p g1 t3               0.2802325       0.1358325       0.0942141       0.5930567                           
     4:p g1 t4               0.3728603       0.1919649       0.1063092       0.7482078                           
     5:p g1 t5               0.2816168       0.1734992       0.0680305       0.6779644                           
     6:p g1 t6               0.2088794       0.1402973       0.0476184       0.5823334                           
     7:c g1 t2               0.5977735       0.1094529       0.3784737       0.7838805                           
     8:c g1 t3               0.5606405       0.0901060       0.3838555       0.7232698                           
     9:c g1 t4               0.6608546       0.0739805       0.5050344       0.7881936                           
    10:c g1 t5               0.5623277       0.0780282       0.4083519       0.7051641                           
    11:c g1 t6               0.4639071       0.0781087       0.3186022       0.6156101                           


                     Estimates of Derived Parameters
               Population Estimates of { p(~c + time)c() }
                                                95% Confidence Interval
     Group     N-hat        Standard Error      Lower           Upper
 ---------  --------------  --------------  --------------  --------------
       1    45.787065       7.5348770       40.821995       80.742480     

     CPU Time in seconds for last procedure was 0.00

  Program  MARK  - Survival Rate Estimation with Capture-Recapture Data
   gfortran(Win64) Vers. 8.1 Mar 2016   24-Mar-2016 08:52:39    Page  005
 - - - - - - - - - - - - - - - - - - - - - - - - - - - - - - - - - - - - - -
 


  INPUT --- proc stop;

     CPU Time in minutes for this job was 0.00

     Time Start = 08:52:39.392   Time End = 08:52:39.392

     Wall Clock Time in minutes for this job was 0.00


          E X E C U T I O N   S U C C E S S F U L 
