
   Program  MARK  - Survival Rate Estimation with Capture-Recapture Data
   gfortran(Win64) Vers. 8.1 Mar 2016   24-Mar-2016 08:52:41    Page  001
 - - - - - - - - - - - - - - - - - - - - - - - - - - - - - - - - - - - - - -
 
   This version was compiled by GCC version 5.3.0 using the options 
   -m64 -mtune=generic -march=x86-64 -mthreads -O2 -fimplicit-none -fbounds-check -funroll-loops -ftree-vectorize -fopenmp.
   This problem will use 1 of 2 possible threads.


  INPUT --- proc title ;

     CPU Time in seconds for last procedure was 0.00


  INPUT --- proc chmatrix occasions= 6 groups= 1 etype= Huggins icovar 
  INPUT --- = 1 ICMeans NoHist hist=  25 ;

  INPUT ---    time interval 1 1 1 1 1 ;

  INPUT ---     icovariates sex ;

  INPUT ---    glabel(1)=Group 1;

      Number of unique encounter histories read was 25.

      Number of individual covariates read was 1.
      Time interval lengths are all equal to 1.

      Data type number is 12
      Data type is Huggins' p and c                                                                                    

     CPU Time in seconds for last procedure was 0.00

  Program  MARK  - Survival Rate Estimation with Capture-Recapture Data
   gfortran(Win64) Vers. 8.1 Mar 2016   24-Mar-2016 08:52:41    Page  002
 - - - - - - - - - - - - - - - - - - - - - - - - - - - - - - - - - - - - - -
 


  INPUT --- proc estimate link=Logit NOLOOP varest=2ndPart    ;


  INPUT --- model={ p(~time + sex)c() };

  INPUT ---    group=1 p    rows=1 cols=6 Square ;
  INPUT ---        1 2 3 4 5 6 ;

  INPUT ---    group=1 c    rows=1 cols=5 Square ;
  INPUT ---        2 3 4 5 6 ;

  INPUT ---    design matrix constraints=6 covariates=7;
  INPUT ---        1 0 0 0 0 0 sex;
  INPUT ---        1 1 0 0 0 0 sex;
  INPUT ---        1 0 1 0 0 0 sex;
  INPUT ---        1 0 0 1 0 0 sex;
  INPUT ---        1 0 0 0 1 0 sex;
  INPUT ---        1 0 0 0 0 1 sex;

  INPUT ---    blabel(1)=p:(Intercept);

  INPUT ---    blabel(2)=p:time2;

  INPUT ---    blabel(3)=p:time3;

  INPUT ---    blabel(4)=p:time4;

  INPUT ---    blabel(5)=p:time5;

  INPUT ---    blabel(6)=p:time6;

  INPUT ---    blabel(7)=p:sex;

  INPUT ---    rlabel(1)=p g1 t1;

  INPUT ---    rlabel(2)=p g1 t2;

  INPUT ---    rlabel(3)=p g1 t3;

  INPUT ---    rlabel(4)=p g1 t4;

  INPUT ---    rlabel(5)=p g1 t5;

  INPUT ---    rlabel(6)=p g1 t6;

  Program  MARK  - Survival Rate Estimation with Capture-Recapture Data
   gfortran(Win64) Vers. 8.1 Mar 2016   24-Mar-2016 08:52:41    Page  003
 - - - - - - - - - - - - - - - - - - - - - - - - - - - - - - - - - - - - - -
 

 Link Function Used is LOGIT        

 Variance Estimation Procedure Used is 2ndPart 

 M(t+1):
      41


 -2logL(saturated) = -0.0000000    
 Effective Sample Size = 246

 Number of function evaluations was 16 for 7 parameters.
 Time for numerical optimization was 0.01 seconds.
 -2logL { p(~time + sex)c() } = 326.75457     
 Penalty { p(~time + sex)c() } = -0.0000000    
 Gradient { p(~time + sex)c() }:
  0.5970249E-05  0.000000      0.000000      0.000000     0.2662713E-05
   0.000000      0.000000    
 S Vector { p(~time + sex)c() }:
   84.10513      10.44071      10.43854      10.30625      10.12614    
   8.859683      1.209576    
 Time to compute number of parameters was 0.02 seconds.
   Threshold =  0.1600000E-06     Condition index =  0.1438171E-01     New Threshold =   3.200237    
 New Guessimate of Estimated Parameters { p(~time + sex)c() } = 1          
 Conditioned S Vector { p(~time + sex)c() }:
   1.000000     0.1241388     0.1241130     0.1225402     0.1203986    
  0.1053406     0.1438171E-01
 Number of Estimated Parameters { p(~time + sex)c() } = 7          
 DEVIANCE { p(~time + sex)c() } = 326.75457                     
 DEVIANCE Degrees of Freedom { p(~time + sex)c() } = 34            
 c-hat { p(~time + sex)c() } = 9.6104286                     
 AIC { p(~time + sex)c() } = 340.75457                  
 AICc { p(~time + sex)c() } = 341.22516                    
 BIC { p(~time + sex)c() } = 365.29189                    
 Pearson Chisquare { p(~time + sex)c() } = 2521.1851                  


                    LOGIT Link Function Parameters of { p(~time + sex)c() }
                                                              95% Confidence Interval
 Parameter                    Beta         Standard Error      Lower           Upper
 -------------------------  --------------  --------------  --------------  --------------
    1:p:(Intercept)         -0.9042229      0.3930543       -1.6746093      -0.1338364    
    2:p:time2               0.9435085       0.4684620       0.0253230       1.8616939     
    3:p:time3               0.9435085       0.4684620       0.0253230       1.8616941     
    4:p:time4               1.4262181       0.4727676       0.4995937       2.3528426     
    5:p:time5               1.1347931       0.4686607       0.2162182       2.0533681     
    6:p:time6               0.7505005       0.4702192       -0.1711291      1.6721302     
    7:p:sex                 -0.2087030      0.2849461       -0.7671973      0.3497913     


                    Real Function Parameters of { p(~time + sex)c() }

  Program  MARK  - Survival Rate Estimation with Capture-Recapture Data
   gfortran(Win64) Vers. 8.1 Mar 2016   24-Mar-2016 08:52:41    Page  004
 - - - - - - - - - - - - - - - - - - - - - - - - - - - - - - - - - - - - - -
 

      Following estimates based on unstandardized individual covariate values:
          Variable   Value         
          ---------  ------------- 
          SEX        0.6341463     
                                                               95% Confidence Interval
  Parameter                  Estimate       Standard Error      Lower           Upper
 --------------------------  --------------  --------------  --------------  --------------
     1:p g1 t1               0.2618121       0.0682357       0.1507694       0.4147015                           
     2:p g1 t2               0.4767511       0.0781233       0.3302894       0.6273234                           
     3:p g1 t3               0.4767511       0.0781233       0.3302894       0.6273234                           
     4:p g1 t4               0.5961977       0.0772858       0.4403937       0.7347502                           
     5:p g1 t5               0.5245358       0.0783025       0.3735185       0.6711952                           
     6:p g1 t6               0.4289661       0.0772549       0.2881830       0.5822664                           


                     Estimates of Derived Parameters
              Population Estimates of { p(~time + sex)c() }
                                                95% Confidence Interval
     Group     N-hat        Standard Error      Lower           Upper
 ---------  --------------  --------------  --------------  --------------
       1    41.959587       1.0646527       41.165796       46.553855     

     CPU Time in seconds for last procedure was 0.02

  Program  MARK  - Survival Rate Estimation with Capture-Recapture Data
   gfortran(Win64) Vers. 8.1 Mar 2016   24-Mar-2016 08:52:41    Page  005
 - - - - - - - - - - - - - - - - - - - - - - - - - - - - - - - - - - - - - -
 


  INPUT --- proc stop;

     CPU Time in minutes for this job was 0.00

     Time Start = 08:52:41.760   Time End = 08:52:41.775

     Wall Clock Time in minutes for this job was 0.00


          E X E C U T I O N   S U C C E S S F U L 
