
   Program  MARK  - Survival Rate Estimation with Capture-Recapture Data
   gfortran(Win64) Vers. 8.1 Mar 2016   24-Mar-2016 08:52:38    Page  001
 - - - - - - - - - - - - - - - - - - - - - - - - - - - - - - - - - - - - - -
 
   This version was compiled by GCC version 5.3.0 using the options 
   -m64 -mtune=generic -march=x86-64 -mthreads -O2 -fimplicit-none -fbounds-check -funroll-loops -ftree-vectorize -fopenmp.
   This problem will use 1 of 2 possible threads.


  INPUT --- proc title ;

     CPU Time in seconds for last procedure was 0.00


  INPUT --- proc chmatrix occasions= 6 groups= 1 etype= Huggins icovar 
  INPUT --- = 1 ICMeans NoHist hist=  26 ;

  INPUT ---    time interval 1 1 1 1 1 ;

  INPUT ---     icovariates sex ;

  INPUT ---    glabel(1)=Group 1;

      Number of unique encounter histories read was 26.

      Number of individual covariates read was 1.
      Time interval lengths are all equal to 1.

      Data type number is 12
      Data type is Huggins' p and c                                                                                    

     CPU Time in seconds for last procedure was 0.00

  Program  MARK  - Survival Rate Estimation with Capture-Recapture Data
   gfortran(Win64) Vers. 8.1 Mar 2016   24-Mar-2016 08:52:38    Page  002
 - - - - - - - - - - - - - - - - - - - - - - - - - - - - - - - - - - - - - -
 


  INPUT --- proc estimate link=Logit NOLOOP varest=2ndPart    ;


  INPUT --- model={ p(~c + time + sex)c() };

  INPUT ---    group=1 p    rows=1 cols=6 Square ;
  INPUT ---        1 2 3 4 5 6 ;

  INPUT ---    group=1 c    rows=1 cols=5 Square ;
  INPUT ---        7 8 9 10 11 ;

  INPUT ---    design matrix constraints=11 covariates=8;
  INPUT ---        1 0 0 0 0 0 0 sex;
  INPUT ---        1 0 1 0 0 0 0 sex;
  INPUT ---        1 0 0 1 0 0 0 sex;
  INPUT ---        1 0 0 0 1 0 0 sex;
  INPUT ---        1 0 0 0 0 1 0 sex;
  INPUT ---        1 0 0 0 0 0 1 sex;
  INPUT ---        1 1 1 0 0 0 0 sex;
  INPUT ---        1 1 0 1 0 0 0 sex;
  INPUT ---        1 1 0 0 1 0 0 sex;
  INPUT ---        1 1 0 0 0 1 0 sex;
  INPUT ---        1 1 0 0 0 0 1 sex;

  INPUT ---    blabel(1)=p:(Intercept);

  INPUT ---    blabel(2)=p:c;

  INPUT ---    blabel(3)=p:time2;

  INPUT ---    blabel(4)=p:time3;

  INPUT ---    blabel(5)=p:time4;

  INPUT ---    blabel(6)=p:time5;

  INPUT ---    blabel(7)=p:time6;

  INPUT ---    blabel(8)=p:sex;

  INPUT ---    rlabel(1)=p g1 t1;

  INPUT ---    rlabel(2)=p g1 t2;


  Program  MARK  - Survival Rate Estimation with Capture-Recapture Data
   gfortran(Win64) Vers. 8.1 Mar 2016   24-Mar-2016 08:52:38    Page  003
 - - - - - - - - - - - - - - - - - - - - - - - - - - - - - - - - - - - - - -
 
  INPUT ---    rlabel(3)=p g1 t3;

  INPUT ---    rlabel(4)=p g1 t4;

  INPUT ---    rlabel(5)=p g1 t5;

  INPUT ---    rlabel(6)=p g1 t6;

  INPUT ---    rlabel(7)=c g1 t2;

  INPUT ---    rlabel(8)=c g1 t3;

  INPUT ---    rlabel(9)=c g1 t4;

  INPUT ---    rlabel(10)=c g1 t5;

  INPUT ---    rlabel(11)=c g1 t6;

 Link Function Used is LOGIT        

 Variance Estimation Procedure Used is 2ndPart 

 M(t+1):
      40


 -2logL(saturated) = -0.0000000    
 Effective Sample Size = 240

 Number of function evaluations was 19 for 8 parameters.
 Time for numerical optimization was 0.01 seconds.
 -2logL { p(~c + time + sex)c() } = 314.97106     
 Penalty { p(~c + time + sex)c() } = -0.0000000    
 Gradient { p(~c + time + sex)c() }:
  0.3266111E-05-0.4690063E-05  0.000000    -0.1011597E-04 0.9071677E-05
 -0.1451425E-04 0.3626390E-05  0.000000    
 S Vector { p(~c + time + sex)c() }:
   91.47640      11.31942      10.90083      10.58281      10.18909    
   7.572164      2.528539     0.3547910    
 Time to compute number of parameters was 0.02 seconds.
   Threshold =  0.1800000E-06     Condition index =  0.3878497E-02     New Threshold =   1.003500    
 New Guessimate of Estimated Parameters { p(~c + time + sex)c() } = 1          
 Conditioned S Vector { p(~c + time + sex)c() }:
   1.000000     0.1237414     0.1191655     0.1156889     0.1113849    
  0.8277724E-01 0.2764144E-01 0.3878497E-02
 Number of Estimated Parameters { p(~c + time + sex)c() } = 8          
 DEVIANCE { p(~c + time + sex)c() } = 314.97106                     
 DEVIANCE Degrees of Freedom { p(~c + time + sex)c() } = 32            
 c-hat { p(~c + time + sex)c() } = 9.8428455                     
 AIC { p(~c + time + sex)c() } = 330.97106                  
 AICc { p(~c + time + sex)c() } = 331.59443                    
 BIC { p(~c + time + sex)c() } = 358.81617                    
 Pearson Chisquare { p(~c + time + sex)c() } = 2725.1666                  

  Program  MARK  - Survival Rate Estimation with Capture-Recapture Data
   gfortran(Win64) Vers. 8.1 Mar 2016   24-Mar-2016 08:52:38    Page  004
 - - - - - - - - - - - - - - - - - - - - - - - - - - - - - - - - - - - - - -
 


                  LOGIT Link Function Parameters of { p(~c + time + sex)c() }
                                                              95% Confidence Interval
 Parameter                    Beta         Standard Error      Lower           Upper
 -------------------------  --------------  --------------  --------------  --------------
    1:p:(Intercept)         -0.7404005      0.4646959       -1.6512044      0.1704034     
    2:p:c                   1.4239938       0.9409054       -0.4201808      3.2681684     
    3:p:time2               0.0661593       0.5293242       -0.9713161      1.1036348     
    4:p:time3               -0.1238356      0.6270492       -1.3528521      1.1051810     
    5:p:time4               0.2532064       0.7596620       -1.2357311      1.7421439     
    6:p:time5               -0.1749160      0.7974245       -1.7378680      1.3880361     
    7:p:time6               -0.5674933      0.7895736       -2.1150576      0.9800711     
    8:p:sex                 -0.4516534      0.3445853       -1.1270405      0.2237337     


                  Real Function Parameters of { p(~c + time + sex)c() }

      Following estimates based on unstandardized individual covariate values:
          Variable   Value         
          ---------  ------------- 
          SEX        0.6000000     
                                                               95% Confidence Interval
  Parameter                  Estimate       Standard Error      Lower           Upper
 --------------------------  --------------  --------------  --------------  --------------
     1:p g1 t1               0.2667074       0.0932044       0.1250488       0.4806793                           
     2:p g1 t2               0.2798445       0.1388777       0.0914638       0.5999905                           
     3:p g1 t3               0.2431976       0.1528852       0.0593386       0.6207815                           
     4:p g1 t4               0.3190402       0.2169763       0.0620542       0.7684024                           
     5:p g1 t5               0.2339198       0.1861782       0.0383234       0.7005672                           
     6:p g1 t6               0.1709533       0.1454945       0.0268318       0.6066372                           
     7:c g1 t2               0.6174552       0.1125308       0.3881705       0.8041647                           
     8:c g1 t3               0.5716939       0.0910521       0.3917249       0.7345046                           
     9:c g1 t4               0.6605638       0.0733263       0.5062071       0.7869748                           
    10:c g1 t5               0.5591432       0.0781197       0.4052916       0.7024172                           
    11:c g1 t6               0.4613542       0.0780520       0.3163715       0.6131834                           


                     Estimates of Derived Parameters
            Population Estimates of { p(~c + time + sex)c() }
                                                95% Confidence Interval
     Group     N-hat        Standard Error      Lower           Upper
 ---------  --------------  --------------  --------------  --------------
       1    48.871624       12.920909       41.096134       111.80299     

     CPU Time in seconds for last procedure was 0.03

  Program  MARK  - Survival Rate Estimation with Capture-Recapture Data
   gfortran(Win64) Vers. 8.1 Mar 2016   24-Mar-2016 08:52:38    Page  005
 - - - - - - - - - - - - - - - - - - - - - - - - - - - - - - - - - - - - - -
 


  INPUT --- proc stop;

     CPU Time in minutes for this job was 0.00

     Time Start = 08:52:38.694   Time End = 08:52:38.725

     Wall Clock Time in minutes for this job was 0.00


          E X E C U T I O N   S U C C E S S F U L 
