
   Program  MARK  - Survival Rate Estimation with Capture-Recapture Data
   gfortran(Win64) Vers. 8.1 Mar 2016   24-Mar-2016 08:59:08    Page  001
 - - - - - - - - - - - - - - - - - - - - - - - - - - - - - - - - - - - - - -
 
   This version was compiled by GCC version 5.3.0 using the options 
   -m64 -mtune=generic -march=x86-64 -mthreads -O2 -fimplicit-none -fbounds-check -funroll-loops -ftree-vectorize -fopenmp.
   This problem will use 1 of 2 possible threads.


  INPUT --- proc title ;

     CPU Time in seconds for last procedure was 0.00


  INPUT --- proc chmatrix occasions= 6 groups= 1 etype= Huggins ICMeans 
  INPUT --- NoHist hist= 23 ;

  INPUT ---    time  interval 1 1 1 1 1 ;

  INPUT ---    glabel(1)=Group 1;

      Number of unique encounter histories read was 23.

      Number of individual covariates read was 0.
      Time interval lengths are all equal to 1.

      Data type number is 12
      Data type is Huggins' p and c                                                                                    

     CPU Time in seconds for last procedure was 0.00

  Program  MARK  - Survival Rate Estimation with Capture-Recapture Data
   gfortran(Win64) Vers. 8.1 Mar 2016   24-Mar-2016 08:59:09    Page  002
 - - - - - - - - - - - - - - - - - - - - - - - - - - - - - - - - - - - - - -
 


  INPUT --- proc estimate link=Logit NOLOOP varest=2ndPart    ;


  INPUT --- model={ p(~c)c() };

  INPUT ---    group=1 p    rows=1 cols=6 Square ;
  INPUT ---        1 1 1 1 1 1 ;

  INPUT ---    group=1 c    rows=1 cols=5 Square ;
  INPUT ---        2 2 2 2 2 ;

  INPUT ---    design matrix constraints=2 covariates=2;
  INPUT ---        1 0;
  INPUT ---        1 1;

  INPUT ---    blabel(1)=p:(Intercept);

  INPUT ---    blabel(2)=p:c;

  INPUT ---    rlabel(1)=p g1 t1;

  INPUT ---    rlabel(2)=c g1 t2;

 Link Function Used is LOGIT        

 Variance Estimation Procedure Used is 2ndPart 

 M(t+1):
      38


 -2logL(saturated) = 19.200157     
 Effective Sample Size = 228

   * *  WARNING  * *   Error number 0 from VA09AD optimization routine. 

 Number of function evaluations was 10 for 2 parameters.
 Time for numerical optimization was 0.01 seconds.
 -2logL { p(~c)c() } = 305.88550     
 Penalty { p(~c)c() } = -0.0000000    
 Gradient { p(~c)c() }:
   0.000000      0.000000    
 S Vector { p(~c)c() }:
   71.51090      4.332657    
 Time to compute number of parameters was 0.01 seconds.
   Threshold =  0.6000000E-07     Condition index =  0.6058737E-01     New Threshold =   6.127303    

  Program  MARK  - Survival Rate Estimation with Capture-Recapture Data
   gfortran(Win64) Vers. 8.1 Mar 2016   24-Mar-2016 08:59:09    Page  003
 - - - - - - - - - - - - - - - - - - - - - - - - - - - - - - - - - - - - - -
 
 New Guessimate of Estimated Parameters { p(~c)c() } = 1          
 Conditioned S Vector { p(~c)c() }:
   1.000000     0.6058737E-01
 Number of Estimated Parameters { p(~c)c() } = 2          
 DEVIANCE { p(~c)c() } = 286.68534                     
 DEVIANCE Degrees of Freedom { p(~c)c() } = 21            
 c-hat { p(~c)c() } = 13.651683                     
 AIC { p(~c)c() } = 309.88550                  
 AICc { p(~c)c() } = 309.93883                    
 BIC { p(~c)c() } = 316.74419                    
 Pearson Chisquare { p(~c)c() } = 109.45974                  
 Possible Encounter Histories { p(~c)c() } = 63             
 Pearson Chisquare df { p(~c)c() } = 60        
 Pearson chat { p(~c)c() } = 1.8243289                  
 Sum(Observed/Expected) { p(~c)c() } = 66.093726                  
 Fletcher chat { p(~c)c() } = 1.7389354                  


                         LOGIT Link Function Parameters of { p(~c)c() }
                                                              95% Confidence Interval
 Parameter                    Beta         Standard Error      Lower           Upper
 -------------------------  --------------  --------------  --------------  --------------
    1:p:(Intercept)         -0.6910989      0.3276639       -1.3333201      -0.0488777    
    2:p:c                   0.9873646       0.3707095       0.2607741       1.7139552     


                         Real Function Parameters of { p(~c)c() }
                                                               95% Confidence Interval
  Parameter                  Estimate       Standard Error      Lower           Upper
 --------------------------  --------------  --------------  --------------  --------------
     1:p g1 t1               0.3337887       0.0728639       0.2086107       0.4877830                           
     2:c g1 t2               0.5735294       0.0424085       0.4891102       0.6538708                           


                     Estimates of Derived Parameters
                   Population Estimates of { p(~c)c() }
                                                95% Confidence Interval
     Group     N-hat        Standard Error      Lower           Upper
 ---------  --------------  --------------  --------------  --------------
       1    41.640748       3.2929804       38.799945       54.569941     

     CPU Time in seconds for last procedure was 0.00

  Program  MARK  - Survival Rate Estimation with Capture-Recapture Data
   gfortran(Win64) Vers. 8.1 Mar 2016   24-Mar-2016 08:59:09    Page  004
 - - - - - - - - - - - - - - - - - - - - - - - - - - - - - - - - - - - - - -
 


  INPUT --- proc stop;

     CPU Time in minutes for this job was 0.00

     Time Start = 08:59:08.997   Time End = 08:59:09.012

     Wall Clock Time in minutes for this job was 0.00


          E X E C U T I O N   S U C C E S S F U L 
