
   Program  MARK  - Survival Rate Estimation with Capture-Recapture Data
   gfortran(Win64) Vers. 8.1 Mar 2016   24-Mar-2016 08:52:44    Page  001
 - - - - - - - - - - - - - - - - - - - - - - - - - - - - - - - - - - - - - -
 
   This version was compiled by GCC version 5.3.0 using the options 
   -m64 -mtune=generic -march=x86-64 -mthreads -O2 -fimplicit-none -fbounds-check -funroll-loops -ftree-vectorize -fopenmp.
   This problem will use 1 of 2 possible threads.


  INPUT --- proc title ;

     CPU Time in seconds for last procedure was 0.00


  INPUT --- proc chmatrix occasions= 6 groups= 1 etype= Huggins icovar 
  INPUT --- = 1 ICMeans NoHist hist=  30 ;

  INPUT ---    time interval 1 1 1 1 1 ;

  INPUT ---     icovariates sex ;

  INPUT ---    glabel(1)=Group 1;

      Number of unique encounter histories read was 30.

      Number of individual covariates read was 1.
      Time interval lengths are all equal to 1.

      Data type number is 12
      Data type is Huggins' p and c                                                                                    

     CPU Time in seconds for last procedure was 0.00

  Program  MARK  - Survival Rate Estimation with Capture-Recapture Data
   gfortran(Win64) Vers. 8.1 Mar 2016   24-Mar-2016 08:52:44    Page  002
 - - - - - - - - - - - - - - - - - - - - - - - - - - - - - - - - - - - - - -
 


  INPUT --- proc estimate link=Logit NOLOOP varest=2ndPart    ;


  INPUT --- model={ p(~c + time + sex)c() };

  INPUT ---    group=1 p    rows=1 cols=6 Square ;
  INPUT ---        1 2 3 4 5 6 ;

  INPUT ---    group=1 c    rows=1 cols=5 Square ;
  INPUT ---        7 8 9 10 11 ;

  INPUT ---    design matrix constraints=11 covariates=8;
  INPUT ---        1 0 0 0 0 0 0 sex;
  INPUT ---        1 0 1 0 0 0 0 sex;
  INPUT ---        1 0 0 1 0 0 0 sex;
  INPUT ---        1 0 0 0 1 0 0 sex;
  INPUT ---        1 0 0 0 0 1 0 sex;
  INPUT ---        1 0 0 0 0 0 1 sex;
  INPUT ---        1 1 1 0 0 0 0 sex;
  INPUT ---        1 1 0 1 0 0 0 sex;
  INPUT ---        1 1 0 0 1 0 0 sex;
  INPUT ---        1 1 0 0 0 1 0 sex;
  INPUT ---        1 1 0 0 0 0 1 sex;

  INPUT ---    blabel(1)=p:(Intercept);

  INPUT ---    blabel(2)=p:c;

  INPUT ---    blabel(3)=p:time2;

  INPUT ---    blabel(4)=p:time3;

  INPUT ---    blabel(5)=p:time4;

  INPUT ---    blabel(6)=p:time5;

  INPUT ---    blabel(7)=p:time6;

  INPUT ---    blabel(8)=p:sex;

  INPUT ---    rlabel(1)=p g1 t1;

  INPUT ---    rlabel(2)=p g1 t2;


  Program  MARK  - Survival Rate Estimation with Capture-Recapture Data
   gfortran(Win64) Vers. 8.1 Mar 2016   24-Mar-2016 08:52:44    Page  003
 - - - - - - - - - - - - - - - - - - - - - - - - - - - - - - - - - - - - - -
 
  INPUT ---    rlabel(3)=p g1 t3;

  INPUT ---    rlabel(4)=p g1 t4;

  INPUT ---    rlabel(5)=p g1 t5;

  INPUT ---    rlabel(6)=p g1 t6;

  INPUT ---    rlabel(7)=c g1 t2;

  INPUT ---    rlabel(8)=c g1 t3;

  INPUT ---    rlabel(9)=c g1 t4;

  INPUT ---    rlabel(10)=c g1 t5;

  INPUT ---    rlabel(11)=c g1 t6;

 Link Function Used is LOGIT        

 Variance Estimation Procedure Used is 2ndPart 

 M(t+1):
      38


 -2logL(saturated) = -0.0000000    
 Effective Sample Size = 228

 Number of function evaluations was 18 for 8 parameters.
 Time for numerical optimization was 0.02 seconds.
 -2logL { p(~c + time + sex)c() } = 301.60540     
 Penalty { p(~c + time + sex)c() } = -0.0000000    
 Gradient { p(~c + time + sex)c() }:
  0.2980286E-05 0.4248422E-05-0.4260777E-05  0.000000    -0.4958579E-05
   0.000000      0.000000    -0.4078641E-05
 S Vector { p(~c + time + sex)c() }:
   88.92463      10.75326      10.62046      10.15836      10.07307    
   6.827304      2.032618     0.2209526    
 Time to compute number of parameters was 0.02 seconds.
   Threshold =  0.1800000E-06     Condition index =  0.2484718E-02     New Threshold =  0.6249484    
 New Guessimate of Estimated Parameters { p(~c + time + sex)c() } = 1          
 Conditioned S Vector { p(~c + time + sex)c() }:
   1.000000     0.1209256     0.1194321     0.1142356     0.1132765    
  0.7677629E-01 0.2285776E-01 0.2484718E-02
 Number of Estimated Parameters { p(~c + time + sex)c() } = 8          
 DEVIANCE { p(~c + time + sex)c() } = 301.60540                     
 DEVIANCE Degrees of Freedom { p(~c + time + sex)c() } = 30            
 c-hat { p(~c + time + sex)c() } = 10.053513                     
 AIC { p(~c + time + sex)c() } = 317.60540                  
 AICc { p(~c + time + sex)c() } = 318.26293                    
 BIC { p(~c + time + sex)c() } = 345.04017                    
 Pearson Chisquare { p(~c + time + sex)c() } = 2389.6635                  

  Program  MARK  - Survival Rate Estimation with Capture-Recapture Data
   gfortran(Win64) Vers. 8.1 Mar 2016   24-Mar-2016 08:52:44    Page  004
 - - - - - - - - - - - - - - - - - - - - - - - - - - - - - - - - - - - - - -
 


                  LOGIT Link Function Parameters of { p(~c + time + sex)c() }
                                                              95% Confidence Interval
 Parameter                    Beta         Standard Error      Lower           Upper
 -------------------------  --------------  --------------  --------------  --------------
    1:p:(Intercept)         -0.9073135      0.6315531       -2.1451576      0.3305306     
    2:p:c                   1.6759739       1.2872918       -0.8471180      4.1990659     
    3:p:time2               0.3341107       0.5780225       -0.7988134      1.4670348     
    4:p:time3               -0.1819942      0.7537007       -1.6592475      1.2952591     
    5:p:time4               -0.1463625      0.8769633       -1.8652107      1.5724857     
    6:p:time5               -0.3769789      0.9215981       -2.1833112      1.4293533     
    7:p:time6               -0.8213558      0.9257583       -2.6358421      0.9931305     
    8:p:sex                 -0.3936849      0.3561288       -1.0916974      0.3043277     


                  Real Function Parameters of { p(~c + time + sex)c() }

      Following estimates based on unstandardized individual covariate values:
          Variable   Value         
          ---------  ------------- 
          SEX        0.6315789     
                                                               95% Confidence Interval
  Parameter                  Estimate       Standard Error      Lower           Upper
 --------------------------  --------------  --------------  --------------  --------------
     1:p g1 t1               0.2394028       0.1182433       0.0810085       0.5291692                           
     2:p g1 t2               0.3053720       0.2041717       0.0624793       0.7435899                           
     3:p g1 t3               0.2078473       0.1952790       0.0250233       0.7284364                           
     4:p g1 t4               0.2137750       0.2237412       0.0196186       0.7869817                           
     5:p g1 t5               0.1775646       0.2014472       0.0142501       0.7632840                           
     6:p g1 t6               0.1216056       0.1473921       0.0091772       0.6741877                           
     7:c g1 t2               0.7014324       0.1087313       0.4592199       0.8666595                           
     8:c g1 t3               0.5837102       0.0890039       0.4061533       0.7419133                           
     9:c g1 t4               0.5923418       0.0786963       0.4341078       0.7334936                           
    10:c g1 t5               0.5356988       0.0801194       0.3802903       0.6844704                           
    11:c g1 t6               0.4252303       0.0791524       0.2816914       0.5825889                           


                     Estimates of Derived Parameters
            Population Estimates of { p(~c + time + sex)c() }
                                                95% Confidence Interval
     Group     N-hat        Standard Error      Lower           Upper
 ---------  --------------  --------------  --------------  --------------
       1    50.291082       21.824157       39.185492       165.43291     

     CPU Time in seconds for last procedure was 0.03

  Program  MARK  - Survival Rate Estimation with Capture-Recapture Data
   gfortran(Win64) Vers. 8.1 Mar 2016   24-Mar-2016 08:52:44    Page  005
 - - - - - - - - - - - - - - - - - - - - - - - - - - - - - - - - - - - - - -
 


  INPUT --- proc stop;

     CPU Time in minutes for this job was 0.00

     Time Start = 08:52:44.067   Time End = 08:52:44.098

     Wall Clock Time in minutes for this job was 0.00


          E X E C U T I O N   S U C C E S S F U L 
