
   Program  MARK  - Survival Rate Estimation with Capture-Recapture Data
   gfortran(Win64) Vers. 8.1 Mar 2016   24-Mar-2016 10:40:08    Page  001
 - - - - - - - - - - - - - - - - - - - - - - - - - - - - - - - - - - - - - -
 
   This version was compiled by GCC version 5.3.0 using the options 
   -m64 -mtune=generic -march=x86-64 -mthreads -O2 -fimplicit-none -fbounds-check -funroll-loops -ftree-vectorize -fopenmp.
   This problem will use 7 of 8 possible threads.


  INPUT --- proc title ;

     CPU Time in seconds for last procedure was 0.00


  INPUT --- proc chmatrix occasions= 6 groups= 1 etype= Huggins icovar 
  INPUT --- = 1 ICMeans NoHist hist=  25 ;

  INPUT ---    time interval 1 1 1 1 1 ;

  INPUT ---     icovariates sex ;

  INPUT ---    glabel(1)=Group 1;

      Number of unique encounter histories read was 25.

      Number of individual covariates read was 1.
      Time interval lengths are all equal to 1.

      Data type number is 12
      Data type is Huggins' p and c                                                                                    

     CPU Time in seconds for last procedure was 0.02

  Program  MARK  - Survival Rate Estimation with Capture-Recapture Data
   gfortran(Win64) Vers. 8.1 Mar 2016   24-Mar-2016 10:40:08    Page  002
 - - - - - - - - - - - - - - - - - - - - - - - - - - - - - - - - - - - - - -
 


  INPUT --- proc estimate link=Logit NOLOOP varest=2ndPart    ;


  INPUT --- model={ p(~c + time + sex)c() };

  INPUT ---    group=1 p    rows=1 cols=6 Square ;
  INPUT ---        1 2 3 4 5 6 ;

  INPUT ---    group=1 c    rows=1 cols=5 Square ;
  INPUT ---        7 8 9 10 11 ;

  INPUT ---    design matrix constraints=11 covariates=8;
  INPUT ---        1 0 0 0 0 0 0 sex;
  INPUT ---        1 0 1 0 0 0 0 sex;
  INPUT ---        1 0 0 1 0 0 0 sex;
  INPUT ---        1 0 0 0 1 0 0 sex;
  INPUT ---        1 0 0 0 0 1 0 sex;
  INPUT ---        1 0 0 0 0 0 1 sex;
  INPUT ---        1 1 1 0 0 0 0 sex;
  INPUT ---        1 1 0 1 0 0 0 sex;
  INPUT ---        1 1 0 0 1 0 0 sex;
  INPUT ---        1 1 0 0 0 1 0 sex;
  INPUT ---        1 1 0 0 0 0 1 sex;

  INPUT ---    blabel(1)=p:(Intercept);

  INPUT ---    blabel(2)=p:c;

  INPUT ---    blabel(3)=p:time2;

  INPUT ---    blabel(4)=p:time3;

  INPUT ---    blabel(5)=p:time4;

  INPUT ---    blabel(6)=p:time5;

  INPUT ---    blabel(7)=p:time6;

  INPUT ---    blabel(8)=p:sex;

  INPUT ---    rlabel(1)=p g1 t1;

  INPUT ---    rlabel(2)=p g1 t2;


  Program  MARK  - Survival Rate Estimation with Capture-Recapture Data
   gfortran(Win64) Vers. 8.1 Mar 2016   24-Mar-2016 10:40:08    Page  003
 - - - - - - - - - - - - - - - - - - - - - - - - - - - - - - - - - - - - - -
 
  INPUT ---    rlabel(3)=p g1 t3;

  INPUT ---    rlabel(4)=p g1 t4;

  INPUT ---    rlabel(5)=p g1 t5;

  INPUT ---    rlabel(6)=p g1 t6;

  INPUT ---    rlabel(7)=c g1 t2;

  INPUT ---    rlabel(8)=c g1 t3;

  INPUT ---    rlabel(9)=c g1 t4;

  INPUT ---    rlabel(10)=c g1 t5;

  INPUT ---    rlabel(11)=c g1 t6;

 Link Function Used is LOGIT        

 Variance Estimation Procedure Used is 2ndPart 

 M(t+1):
      39


 -2logL(saturated) = -0.0000000    
 Effective Sample Size = 234

 Number of function evaluations was 26 for 8 parameters.
 Time for numerical optimization was 0.08 seconds.
 -2logL { p(~c + time + sex)c() } = 304.61589     
 Penalty { p(~c + time + sex)c() } = -0.0000000    
 Gradient { p(~c + time + sex)c() }:
 -0.2473093E-05  0.000000    -0.4273910E-05-0.5356190E-05-0.5564656E-05
 -0.4328468E-05-0.6500275E-05-0.1042979E-04
 S Vector { p(~c + time + sex)c() }:
   86.04892      11.04872      10.91622      10.47892      10.26141    
   6.970598      1.797012     0.2345166    
 Time to compute number of parameters was 0.01 seconds.
   Threshold =  0.1800000E-06     Condition index =  0.2725387E-02     New Threshold =  0.6633131    
 New Guessimate of Estimated Parameters { p(~c + time + sex)c() } = 1          
 Conditioned S Vector { p(~c + time + sex)c() }:
   1.000000     0.1284004     0.1268607     0.1217787     0.1192509    
  0.8100739E-01 0.2088361E-01 0.2725387E-02
 Number of Estimated Parameters { p(~c + time + sex)c() } = 8          
 DEVIANCE { p(~c + time + sex)c() } = 304.61589                     
 DEVIANCE Degrees of Freedom { p(~c + time + sex)c() } = 31            
 c-hat { p(~c + time + sex)c() } = 9.8263191                     
 AIC { p(~c + time + sex)c() } = 320.61589                  
 AICc { p(~c + time + sex)c() } = 321.25589                    
 BIC { p(~c + time + sex)c() } = 348.25846                    
 Pearson Chisquare { p(~c + time + sex)c() } = 2598.4470                  

  Program  MARK  - Survival Rate Estimation with Capture-Recapture Data
   gfortran(Win64) Vers. 8.1 Mar 2016   24-Mar-2016 10:40:08    Page  004
 - - - - - - - - - - - - - - - - - - - - - - - - - - - - - - - - - - - - - -
 


                  LOGIT Link Function Parameters of { p(~c + time + sex)c() }
                                                              95% Confidence Interval
 Parameter                    Beta         Standard Error      Lower           Upper
 -------------------------  --------------  --------------  --------------  --------------
    1:p:(Intercept)         -1.2984752      0.7085050       -2.6871450      0.0901946     
    2:p:c                   1.8906409       1.2774958       -0.6132511      4.3945328     
    3:p:time2               0.3300097       0.5549665       -0.7577248      1.4177441     
    4:p:time3               0.0612660       0.7200293       -1.3499915      1.4725234     
    5:p:time4               0.0215083       0.8474824       -1.6395572      1.6825738     
    6:p:time5               -0.3132457      0.8804986       -2.0390230      1.4125315     
    7:p:time6               -0.7489542      0.8809890       -2.4756926      0.9777842     
    8:p:sex                 -0.0900205      0.3472713       -0.7706723      0.5906313     


                  Real Function Parameters of { p(~c + time + sex)c() }

      Following estimates based on unstandardized individual covariate values:
          Variable   Value         
          ---------  ------------- 
          SEX        0.6153846     
                                                               95% Confidence Interval
  Parameter                  Estimate       Standard Error      Lower           Upper
 --------------------------  --------------  --------------  --------------  --------------
     1:p g1 t1               0.2052380       0.1110082       0.0637000       0.4950018                           
     2:p g1 t2               0.2642757       0.1849680       0.0527280       0.6986156                           
     3:p g1 t3               0.2154120       0.1987501       0.0266617       0.7334685                           
     4:p g1 t4               0.2087686       0.2193755       0.0191640       0.7808530                           
     5:p g1 t5               0.1588088       0.1819952       0.0129026       0.7316676                           
     6:p g1 t6               0.1088224       0.1317234       0.0084509       0.6363016                           
     7:c g1 t2               0.7040749       0.1084189       0.4617924       0.8683771                           
     8:c g1 t3               0.6452065       0.0842243       0.4692626       0.7890442                           
     9:c g1 t4               0.6360537       0.0754525       0.4798676       0.7680132                           
    10:c g1 t5               0.5556492       0.0784636       0.4014692       0.6998099                           
    11:c g1 t6               0.4471517       0.0782585       0.3030820       0.6006785                           


                     Estimates of Derived Parameters
            Population Estimates of { p(~c + time + sex)c() }
                                                95% Confidence Interval
     Group     N-hat        Standard Error      Lower           Upper
 ---------  --------------  --------------  --------------  --------------
       1    53.607464       25.186848       40.461479       185.00145     

     CPU Time in seconds for last procedure was 0.09

  Program  MARK  - Survival Rate Estimation with Capture-Recapture Data
   gfortran(Win64) Vers. 8.1 Mar 2016   24-Mar-2016 10:40:08    Page  005
 - - - - - - - - - - - - - - - - - - - - - - - - - - - - - - - - - - - - - -
 


  INPUT --- proc stop;

     CPU Time in minutes for this job was 0.00

     Time Start = 10:40:08.933   Time End = 10:40:08.980

     Wall Clock Time in minutes for this job was 0.00


          E X E C U T I O N   S U C C E S S F U L 
