
   Program  MARK  - Survival Rate Estimation with Capture-Recapture Data
   gfortran(Win64) Vers. 8.1 Mar 2016   24-Mar-2016 09:25:03    Page  001
 - - - - - - - - - - - - - - - - - - - - - - - - - - - - - - - - - - - - - -
 
   This version was compiled by GCC version 5.3.0 using the options 
   -m64 -mtune=generic -march=x86-64 -mthreads -O2 -fimplicit-none -fbounds-check -funroll-loops -ftree-vectorize -fopenmp.
   This problem will use 1 of 2 possible threads.


  INPUT --- proc title ;

     CPU Time in seconds for last procedure was 0.00


  INPUT --- proc chmatrix occasions= 6 groups= 1 etype= Huggins icovar 
  INPUT --- = 1 ICMeans NoHist hist=  31 ;

  INPUT ---    time interval 1 1 1 1 1 ;

  INPUT ---     icovariates sex ;

  INPUT ---    glabel(1)=Group 1;

      Number of unique encounter histories read was 31.

      Number of individual covariates read was 1.
      Time interval lengths are all equal to 1.

      Data type number is 12
      Data type is Huggins' p and c                                                                                    

     CPU Time in seconds for last procedure was 0.00

  Program  MARK  - Survival Rate Estimation with Capture-Recapture Data
   gfortran(Win64) Vers. 8.1 Mar 2016   24-Mar-2016 09:25:03    Page  002
 - - - - - - - - - - - - - - - - - - - - - - - - - - - - - - - - - - - - - -
 


  INPUT --- proc estimate link=Logit NOLOOP varest=2ndPart    ;


  INPUT --- model={ p(~c + time + sex)c() };

  INPUT ---    group=1 p    rows=1 cols=6 Square ;
  INPUT ---        1 2 3 4 5 6 ;

  INPUT ---    group=1 c    rows=1 cols=5 Square ;
  INPUT ---        7 8 9 10 11 ;

  INPUT ---    design matrix constraints=11 covariates=8;
  INPUT ---        1 0 0 0 0 0 0 sex;
  INPUT ---        1 0 1 0 0 0 0 sex;
  INPUT ---        1 0 0 1 0 0 0 sex;
  INPUT ---        1 0 0 0 1 0 0 sex;
  INPUT ---        1 0 0 0 0 1 0 sex;
  INPUT ---        1 0 0 0 0 0 1 sex;
  INPUT ---        1 1 1 0 0 0 0 sex;
  INPUT ---        1 1 0 1 0 0 0 sex;
  INPUT ---        1 1 0 0 1 0 0 sex;
  INPUT ---        1 1 0 0 0 1 0 sex;
  INPUT ---        1 1 0 0 0 0 1 sex;

  INPUT ---    blabel(1)=p:(Intercept);

  INPUT ---    blabel(2)=p:c;

  INPUT ---    blabel(3)=p:time2;

  INPUT ---    blabel(4)=p:time3;

  INPUT ---    blabel(5)=p:time4;

  INPUT ---    blabel(6)=p:time5;

  INPUT ---    blabel(7)=p:time6;

  INPUT ---    blabel(8)=p:sex;

  INPUT ---    rlabel(1)=p g1 t1;

  INPUT ---    rlabel(2)=p g1 t2;


  Program  MARK  - Survival Rate Estimation with Capture-Recapture Data
   gfortran(Win64) Vers. 8.1 Mar 2016   24-Mar-2016 09:25:03    Page  003
 - - - - - - - - - - - - - - - - - - - - - - - - - - - - - - - - - - - - - -
 
  INPUT ---    rlabel(3)=p g1 t3;

  INPUT ---    rlabel(4)=p g1 t4;

  INPUT ---    rlabel(5)=p g1 t5;

  INPUT ---    rlabel(6)=p g1 t6;

  INPUT ---    rlabel(7)=c g1 t2;

  INPUT ---    rlabel(8)=c g1 t3;

  INPUT ---    rlabel(9)=c g1 t4;

  INPUT ---    rlabel(10)=c g1 t5;

  INPUT ---    rlabel(11)=c g1 t6;

 Link Function Used is LOGIT        

 Variance Estimation Procedure Used is 2ndPart 

 M(t+1):
      40


 -2logL(saturated) = -0.0000000    
 Effective Sample Size = 240

 Number of function evaluations was 19 for 8 parameters.
 Time for numerical optimization was 0.02 seconds.
 -2logL { p(~c + time + sex)c() } = 316.68837     
 Penalty { p(~c + time + sex)c() } = -0.0000000    
 Gradient { p(~c + time + sex)c() }:
  0.5418807E-05 0.1100110E-04 0.9135736E-05 0.7433310E-05 0.2155424E-04
  0.1204856E-04 0.8369860E-05 0.1331041E-04
 S Vector { p(~c + time + sex)c() }:
   88.67529      11.49744      11.33563      10.68277      10.38425    
   7.198566      1.735729     0.1956807    
 Time to compute number of parameters was 0.01 seconds.
   Threshold =  0.1800000E-06     Condition index =  0.2206710E-02     New Threshold =  0.5534686    
 New Guessimate of Estimated Parameters { p(~c + time + sex)c() } = 1          
 Conditioned S Vector { p(~c + time + sex)c() }:
   1.000000     0.1296578     0.1278330     0.1204706     0.1171043    
  0.8117893E-01 0.1957398E-01 0.2206710E-02
 Number of Estimated Parameters { p(~c + time + sex)c() } = 8          
 DEVIANCE { p(~c + time + sex)c() } = 316.68837                     
 DEVIANCE Degrees of Freedom { p(~c + time + sex)c() } = 32            
 c-hat { p(~c + time + sex)c() } = 9.8965116                     
 AIC { p(~c + time + sex)c() } = 332.68837                  
 AICc { p(~c + time + sex)c() } = 333.31175                    
 BIC { p(~c + time + sex)c() } = 360.53348                    
 Pearson Chisquare { p(~c + time + sex)c() } = 2507.2440                  

  Program  MARK  - Survival Rate Estimation with Capture-Recapture Data
   gfortran(Win64) Vers. 8.1 Mar 2016   24-Mar-2016 09:25:03    Page  004
 - - - - - - - - - - - - - - - - - - - - - - - - - - - - - - - - - - - - - -
 


                  LOGIT Link Function Parameters of { p(~c + time + sex)c() }
                                                              95% Confidence Interval
 Parameter                    Beta         Standard Error      Lower           Upper
 -------------------------  --------------  --------------  --------------  --------------
    1:p:(Intercept)         -1.0980048      0.9737864       -3.0066262      0.8106167     
    2:p:c                   2.1002409       1.5540272       -0.9456524      5.1461342     
    3:p:time2               -0.2444191      0.5502878       -1.3229831      0.8341450     
    4:p:time3               -0.5294241      0.6798779       -1.8619848      0.8031365     
    5:p:time4               -0.3186132      0.7751857       -1.8379773      1.2007509     
    6:p:time5               -0.8871433      0.8179079       -2.4902429      0.7159563     
    7:p:time6               -1.0374326      0.8275376       -2.6594063      0.5845412     
    8:p:sex                 -0.2811798      0.3446344       -0.9566632      0.3943035     


                  Real Function Parameters of { p(~c + time + sex)c() }

      Following estimates based on unstandardized individual covariate values:
          Variable   Value         
          ---------  ------------- 
          SEX        0.6000000     
                                                               95% Confidence Interval
  Parameter                  Estimate       Standard Error      Lower           Upper
 --------------------------  --------------  --------------  --------------  --------------
     1:p g1 t1               0.2198205       0.1672859       0.0399807       0.6559126                           
     2:p g1 t2               0.1807711       0.1919007       0.0171085       0.7366562                           
     3:p g1 t3               0.1423220       0.1793818       0.0092262       0.7472817                           
     4:p g1 t4               0.1700425       0.2246001       0.0089724       0.8225824                           
     5:p g1 t5               0.1039714       0.1520642       0.0047112       0.7398879                           
     6:p g1 t6               0.0907802       0.1354792       0.0039848       0.7136104                           
     7:c g1 t2               0.6431607       0.1053930       0.4228805       0.8159548                           
     8:c g1 t3               0.5754455       0.0858326       0.4050417       0.7296228                           
     9:c g1 t4               0.6259580       0.0747372       0.4723459       0.7577823                           
    10:c g1 t5               0.4865994       0.0777240       0.3399742       0.6355680                           
    11:c g1 t6               0.4491998       0.0769564       0.3071376       0.6000629                           


                     Estimates of Derived Parameters
            Population Estimates of { p(~c + time + sex)c() }
                                                95% Confidence Interval
     Group     N-hat        Standard Error      Lower           Upper
 ---------  --------------  --------------  --------------  --------------
       1    63.920327       46.618997       42.054869       318.45181     

     CPU Time in seconds for last procedure was 0.03

  Program  MARK  - Survival Rate Estimation with Capture-Recapture Data
   gfortran(Win64) Vers. 8.1 Mar 2016   24-Mar-2016 09:25:03    Page  005
 - - - - - - - - - - - - - - - - - - - - - - - - - - - - - - - - - - - - - -
 


  INPUT --- proc stop;

     CPU Time in minutes for this job was 0.00

     Time Start = 09:25:03.639   Time End = 09:25:03.670

     Wall Clock Time in minutes for this job was 0.00


          E X E C U T I O N   S U C C E S S F U L 
