
   Program  MARK  - Survival Rate Estimation with Capture-Recapture Data
   gfortran(Win64) Vers. 8.1 Mar 2016   24-Mar-2016 10:40:24    Page  001
 - - - - - - - - - - - - - - - - - - - - - - - - - - - - - - - - - - - - - -
 
   This version was compiled by GCC version 5.3.0 using the options 
   -m64 -mtune=generic -march=x86-64 -mthreads -O2 -fimplicit-none -fbounds-check -funroll-loops -ftree-vectorize -fopenmp.
   This problem will use 7 of 8 possible threads.


  INPUT --- proc title ;

     CPU Time in seconds for last procedure was 0.00


  INPUT --- proc chmatrix occasions= 6 groups= 1 etype= Huggins ICMeans 
  INPUT --- NoHist hist= 24 ;

  INPUT ---    time  interval 1 1 1 1 1 ;

  INPUT ---    glabel(1)=Group 1;

      Number of unique encounter histories read was 24.

      Number of individual covariates read was 0.
      Time interval lengths are all equal to 1.

      Data type number is 12
      Data type is Huggins' p and c                                                                                    

     CPU Time in seconds for last procedure was 0.00

  Program  MARK  - Survival Rate Estimation with Capture-Recapture Data
   gfortran(Win64) Vers. 8.1 Mar 2016   24-Mar-2016 10:40:24    Page  002
 - - - - - - - - - - - - - - - - - - - - - - - - - - - - - - - - - - - - - -
 


  INPUT --- proc estimate link=Logit NOLOOP varest=2ndPart    ;


  INPUT --- model={ p(~c + time)c() };

  INPUT ---    group=1 p    rows=1 cols=6 Square ;
  INPUT ---        1 2 3 4 5 6 ;

  INPUT ---    group=1 c    rows=1 cols=5 Square ;
  INPUT ---        7 8 9 10 11 ;

  INPUT ---    design matrix constraints=11 covariates=7;
  INPUT ---        1 0 0 0 0 0 0;
  INPUT ---        1 0 1 0 0 0 0;
  INPUT ---        1 0 0 1 0 0 0;
  INPUT ---        1 0 0 0 1 0 0;
  INPUT ---        1 0 0 0 0 1 0;
  INPUT ---        1 0 0 0 0 0 1;
  INPUT ---        1 1 1 0 0 0 0;
  INPUT ---        1 1 0 1 0 0 0;
  INPUT ---        1 1 0 0 1 0 0;
  INPUT ---        1 1 0 0 0 1 0;
  INPUT ---        1 1 0 0 0 0 1;

  INPUT ---    blabel(1)=p:(Intercept);

  INPUT ---    blabel(2)=p:c;

  INPUT ---    blabel(3)=p:time2;

  INPUT ---    blabel(4)=p:time3;

  INPUT ---    blabel(5)=p:time4;

  INPUT ---    blabel(6)=p:time5;

  INPUT ---    blabel(7)=p:time6;

  INPUT ---    rlabel(1)=p g1 t1;

  INPUT ---    rlabel(2)=p g1 t2;

  INPUT ---    rlabel(3)=p g1 t3;


  Program  MARK  - Survival Rate Estimation with Capture-Recapture Data
   gfortran(Win64) Vers. 8.1 Mar 2016   24-Mar-2016 10:40:24    Page  003
 - - - - - - - - - - - - - - - - - - - - - - - - - - - - - - - - - - - - - -
 
  INPUT ---    rlabel(4)=p g1 t4;

  INPUT ---    rlabel(5)=p g1 t5;

  INPUT ---    rlabel(6)=p g1 t6;

  INPUT ---    rlabel(7)=c g1 t2;

  INPUT ---    rlabel(8)=c g1 t3;

  INPUT ---    rlabel(9)=c g1 t4;

  INPUT ---    rlabel(10)=c g1 t5;

  INPUT ---    rlabel(11)=c g1 t6;

 Link Function Used is LOGIT        

 Variance Estimation Procedure Used is 2ndPart 

 M(t+1):
      40


 -2logL(saturated) = 17.327020     
 Effective Sample Size = 240

 Number of function evaluations was 21 for 7 parameters.
 Time for numerical optimization was 0.03 seconds.
 -2logL { p(~c + time)c() } = 312.72707     
 Penalty { p(~c + time)c() } = -0.0000000    
 Gradient { p(~c + time)c() }:
  0.5247181E-05  0.000000     0.5212185E-05 0.5414689E-05  0.000000    
  0.4300916E-05 0.3657159E-05
 S Vector { p(~c + time)c() }:
   74.35260      11.12979      11.07736      10.58565      10.10811    
   2.240015     0.3620697    
 Time to compute number of parameters was 0.01 seconds.
   Threshold =  0.1600000E-06     Condition index =  0.4869631E-02     New Threshold =  0.9579465    
 New Guessimate of Estimated Parameters { p(~c + time)c() } = 1          
 Conditioned S Vector { p(~c + time)c() }:
   1.000000     0.1496893     0.1489841     0.1423709     0.1359483    
  0.3012692E-01 0.4869631E-02
 Number of Estimated Parameters { p(~c + time)c() } = 7          
 DEVIANCE { p(~c + time)c() } = 295.40005                     
 DEVIANCE Degrees of Freedom { p(~c + time)c() } = 17            
 c-hat { p(~c + time)c() } = 17.376474                     
 AIC { p(~c + time)c() } = 326.72707                  
 AICc { p(~c + time)c() } = 327.20983                    
 BIC { p(~c + time)c() } = 351.09155                    
 Pearson Chisquare { p(~c + time)c() } = 121.48032                  
 Possible Encounter Histories { p(~c + time)c() } = 63             
 Pearson Chisquare df { p(~c + time)c() } = 55        
 Pearson chat { p(~c + time)c() } = 2.2087331                  
 Sum(Observed/Expected) { p(~c + time)c() } = 63.355204                  
 Fletcher chat { p(~c + time)c() } = 2.1963497                  


                     LOGIT Link Function Parameters of { p(~c + time)c() }
                                                              95% Confidence Interval
 Parameter                    Beta         Standard Error      Lower           Upper
 -------------------------  --------------  --------------  --------------  --------------
    1:p:(Intercept)         -1.1666272      0.5100851       -2.1663940      -0.1668603    

  Program  MARK  - Survival Rate Estimation with Capture-Recapture Data
   gfortran(Win64) Vers. 8.1 Mar 2016   24-Mar-2016 10:40:24    Page  004
 - - - - - - - - - - - - - - - - - - - - - - - - - - - - - - - - - - - - - -
 
    2:p:c                   1.4130492       0.9594101       -0.4673946      3.2934930     
    3:p:time2               -0.0905871      0.5278584       -1.1251896      0.9440155     
    4:p:time3               0.0498003       0.6082304       -1.1423313      1.2419319     
    5:p:time4               0.4427436       0.7319242       -0.9918278      1.8773150     
    6:p:time5               -0.3216584      0.7794076       -1.8492973      1.2059806     
    7:p:time6               -0.5543055      0.7892229       -2.1011823      0.9925713     


                     Real Function Parameters of { p(~c + time)c() }
                                                               95% Confidence Interval
  Parameter                  Estimate       Standard Error      Lower           Upper
 --------------------------  --------------  --------------  --------------  --------------
     1:p g1 t1               0.2374652       0.0923639       0.1028092       0.4583814                           
     2:p g1 t2               0.2214538       0.1224902       0.0660077       0.5337657                           
     3:p g1 t3               0.2466003       0.1563446       0.0591780       0.6300776                           
     4:p g1 t4               0.3265384       0.2208212       0.0634474       0.7762991                           
     5:p g1 t5               0.1841792       0.1580967       0.0279077       0.6396800                           
     6:p g1 t6               0.1517511       0.1366036       0.0218613       0.5888146                           
     7:c g1 t2               0.5388801       0.1188997       0.3138869       0.7490740                           
     8:c g1 t3               0.5735188       0.0918852       0.3917227       0.7374045                           
     9:c g1 t4               0.6657813       0.0735098       0.5104151       0.7919409                           
    10:c g1 t5               0.4811998       0.0781158       0.3343599       0.6313606                           
    11:c g1 t6               0.4236314       0.0769628       0.2838011       0.5768650                           


                     Estimates of Derived Parameters
               Population Estimates of { p(~c + time)c() }
                                                95% Confidence Interval
     Group     N-hat        Standard Error      Lower           Upper
 ---------  --------------  --------------  --------------  --------------
       1    50.533718       14.968828       41.342065       122.67796     

     CPU Time in seconds for last procedure was 0.05

  Program  MARK  - Survival Rate Estimation with Capture-Recapture Data
   gfortran(Win64) Vers. 8.1 Mar 2016   24-Mar-2016 10:40:24    Page  005
 - - - - - - - - - - - - - - - - - - - - - - - - - - - - - - - - - - - - - -
 


  INPUT --- proc stop;

     CPU Time in minutes for this job was 0.00

     Time Start = 10:40:24.946   Time End = 10:40:24.977

     Wall Clock Time in minutes for this job was 0.00


          E X E C U T I O N   S U C C E S S F U L 
